0 info it worked if it ends with ok
1 verbose cli [ '/Users/yosuke.tsutsumi/.nvm/versions/node/v6.3.0/bin/node',
1 verbose cli   '/Users/yosuke.tsutsumi/.nvm/versions/node/v6.3.0/bin/npm',
1 verbose cli   'uninstall',
1 verbose cli   'phantomjs' ]
2 info using npm@3.10.3
3 info using node@v6.3.0
4 silly loadCurrentTree Starting
5 silly install loadCurrentTree
6 silly install readLocalPackageData
7 silly install normalizeTree
8 silly loadCurrentTree Finishing
9 silly loadIdealTree Starting
10 silly install loadIdealTree
11 silly cloneCurrentTree Starting
12 silly install cloneCurrentTreeToIdealTree
13 silly cloneCurrentTree Finishing
14 silly loadShrinkwrap Starting
15 silly install loadShrinkwrap
16 silly loadShrinkwrap Finishing
17 silly loadAllDepsIntoIdealTree Starting
18 silly uninstall loadAllDepsIntoIdealtree
19 silly loadAllDepsIntoIdealTree Finishing
20 silly loadIdealTree Finishing
21 silly currentTree salonapp@1.0.0
21 silly currentTree ├── @types/cheerio@0.17.31
21 silly currentTree ├── @types/node@6.0.73
21 silly currentTree ├── abab@1.0.3
21 silly currentTree ├── accepts@1.3.3
21 silly currentTree ├── acorn-dynamic-import@2.0.2
21 silly currentTree ├── acorn-globals@3.1.0
21 silly currentTree ├── acorn@4.0.11
21 silly currentTree ├── airbnb-js-shims@1.1.1
21 silly currentTree ├── ajv-keywords@1.5.1
21 silly currentTree ├─┬ ajv@4.11.8
21 silly currentTree │ └── json-stable-stringify@1.0.1
21 silly currentTree ├── align-text@0.1.4
21 silly currentTree ├── alphanum-sort@1.0.2
21 silly currentTree ├── amdefine@1.0.1
21 silly currentTree ├── ansi-html@0.0.7
21 silly currentTree ├── ansi-regex@2.1.1
21 silly currentTree ├── ansi-styles@2.2.1
21 silly currentTree ├── anymatch@1.3.0
21 silly currentTree ├── argparse@1.0.9
21 silly currentTree ├── arr-diff@2.0.0
21 silly currentTree ├── arr-flatten@1.0.3
21 silly currentTree ├── array-equal@1.0.0
21 silly currentTree ├── array-filter@0.0.1
21 silly currentTree ├── array-flatten@1.1.1
21 silly currentTree ├── array-includes@3.0.3
21 silly currentTree ├── array-map@0.0.0
21 silly currentTree ├── array-reduce@0.0.0
21 silly currentTree ├── array-unique@0.2.1
21 silly currentTree ├── arrify@1.0.1
21 silly currentTree ├── asap@2.0.5
21 silly currentTree ├── asn1.js@4.9.1
21 silly currentTree ├── asn1@0.2.3
21 silly currentTree ├── assert-plus@0.2.0
21 silly currentTree ├── assert@1.4.1
21 silly currentTree ├── astw@2.2.0
21 silly currentTree ├── async-each@1.0.1
21 silly currentTree ├── async@1.0.0
21 silly currentTree ├── asynckit@0.4.0
21 silly currentTree ├── autoprefixer@6.7.7
21 silly currentTree ├── aws-sign2@0.6.0
21 silly currentTree ├── aws4@1.6.0
21 silly currentTree ├── babel-cli@6.24.1
21 silly currentTree ├── babel-code-frame@6.22.0
21 silly currentTree ├── babel-core@6.24.1
21 silly currentTree ├── babel-generator@6.24.1
21 silly currentTree ├── babel-helper-bindify-decorators@6.24.1
21 silly currentTree ├── babel-helper-builder-binary-assignment-operator-visitor@6.24.1
21 silly currentTree ├── babel-helper-builder-react-jsx@6.24.1
21 silly currentTree ├── babel-helper-call-delegate@6.24.1
21 silly currentTree ├── babel-helper-define-map@6.24.1
21 silly currentTree ├── babel-helper-explode-assignable-expression@6.24.1
21 silly currentTree ├── babel-helper-explode-class@6.24.1
21 silly currentTree ├── babel-helper-function-name@6.24.1
21 silly currentTree ├── babel-helper-get-function-arity@6.24.1
21 silly currentTree ├── babel-helper-hoist-variables@6.24.1
21 silly currentTree ├── babel-helper-optimise-call-expression@6.24.1
21 silly currentTree ├── babel-helper-regex@6.24.1
21 silly currentTree ├── babel-helper-remap-async-to-generator@6.24.1
21 silly currentTree ├── babel-helper-replace-supers@6.24.1
21 silly currentTree ├── babel-helpers@6.24.1
21 silly currentTree ├── babel-loader@7.0.0
21 silly currentTree ├── babel-messages@6.23.0
21 silly currentTree ├── babel-plugin-check-es2015-constants@6.22.0
21 silly currentTree ├── babel-plugin-syntax-async-functions@6.13.0
21 silly currentTree ├── babel-plugin-syntax-async-generators@6.13.0
21 silly currentTree ├── babel-plugin-syntax-class-properties@6.13.0
21 silly currentTree ├── babel-plugin-syntax-decorators@6.13.0
21 silly currentTree ├── babel-plugin-syntax-dynamic-import@6.18.0
21 silly currentTree ├── babel-plugin-syntax-exponentiation-operator@6.13.0
21 silly currentTree ├── babel-plugin-syntax-flow@6.18.0
21 silly currentTree ├── babel-plugin-syntax-jsx@6.18.0
21 silly currentTree ├── babel-plugin-syntax-object-rest-spread@6.13.0
21 silly currentTree ├── babel-plugin-syntax-trailing-function-commas@6.22.0
21 silly currentTree ├── babel-plugin-transform-async-generator-functions@6.24.1
21 silly currentTree ├── babel-plugin-transform-async-to-generator@6.24.1
21 silly currentTree ├── babel-plugin-transform-class-properties@6.24.1
21 silly currentTree ├── babel-plugin-transform-decorators@6.24.1
21 silly currentTree ├── babel-plugin-transform-es2015-arrow-functions@6.22.0
21 silly currentTree ├── babel-plugin-transform-es2015-block-scoped-functions@6.22.0
21 silly currentTree ├── babel-plugin-transform-es2015-block-scoping@6.24.1
21 silly currentTree ├── babel-plugin-transform-es2015-classes@6.24.1
21 silly currentTree ├── babel-plugin-transform-es2015-computed-properties@6.24.1
21 silly currentTree ├── babel-plugin-transform-es2015-destructuring@6.23.0
21 silly currentTree ├── babel-plugin-transform-es2015-duplicate-keys@6.24.1
21 silly currentTree ├── babel-plugin-transform-es2015-for-of@6.23.0
21 silly currentTree ├── babel-plugin-transform-es2015-function-name@6.24.1
21 silly currentTree ├── babel-plugin-transform-es2015-literals@6.22.0
21 silly currentTree ├── babel-plugin-transform-es2015-modules-amd@6.24.1
21 silly currentTree ├── babel-plugin-transform-es2015-modules-commonjs@6.24.1
21 silly currentTree ├── babel-plugin-transform-es2015-modules-systemjs@6.24.1
21 silly currentTree ├── babel-plugin-transform-es2015-modules-umd@6.24.1
21 silly currentTree ├── babel-plugin-transform-es2015-object-super@6.24.1
21 silly currentTree ├── babel-plugin-transform-es2015-parameters@6.24.1
21 silly currentTree ├── babel-plugin-transform-es2015-shorthand-properties@6.24.1
21 silly currentTree ├── babel-plugin-transform-es2015-spread@6.22.0
21 silly currentTree ├── babel-plugin-transform-es2015-sticky-regex@6.24.1
21 silly currentTree ├── babel-plugin-transform-es2015-template-literals@6.22.0
21 silly currentTree ├── babel-plugin-transform-es2015-typeof-symbol@6.23.0
21 silly currentTree ├── babel-plugin-transform-es2015-unicode-regex@6.24.1
21 silly currentTree ├── babel-plugin-transform-exponentiation-operator@6.24.1
21 silly currentTree ├── babel-plugin-transform-flow-strip-types@6.22.0
21 silly currentTree ├── babel-plugin-transform-object-rest-spread@6.23.0
21 silly currentTree ├── babel-plugin-transform-react-display-name@6.23.0
21 silly currentTree ├── babel-plugin-transform-react-jsx-self@6.22.0
21 silly currentTree ├── babel-plugin-transform-react-jsx-source@6.22.0
21 silly currentTree ├── babel-plugin-transform-react-jsx@6.24.1
21 silly currentTree ├── babel-plugin-transform-regenerator@6.24.1
21 silly currentTree ├── babel-plugin-transform-strict-mode@6.24.1
21 silly currentTree ├─┬ babel-polyfill@6.23.0
21 silly currentTree │ └── core-js@2.4.1
21 silly currentTree ├── babel-preset-es2015@6.24.1
21 silly currentTree ├── babel-preset-flow@6.23.0
21 silly currentTree ├── babel-preset-react@6.24.1
21 silly currentTree ├── babel-preset-stage-2@6.24.1
21 silly currentTree ├── babel-preset-stage-3@6.24.1
21 silly currentTree ├─┬ babel-register@6.24.1
21 silly currentTree │ └── core-js@2.4.1
21 silly currentTree ├─┬ babel-runtime@6.23.0
21 silly currentTree │ └── core-js@2.4.1
21 silly currentTree ├── babel-template@6.24.1
21 silly currentTree ├── babel-traverse@6.24.1
21 silly currentTree ├── babel-types@6.24.1
21 silly currentTree ├── babel@6.23.0
21 silly currentTree ├── babelify@7.3.0
21 silly currentTree ├── babylon@6.17.0
21 silly currentTree ├── balanced-match@0.4.2
21 silly currentTree ├── base64-js@1.2.0
21 silly currentTree ├── batch@0.5.3
21 silly currentTree ├── bcrypt-pbkdf@1.0.1
21 silly currentTree ├── big.js@3.1.3
21 silly currentTree ├── binary-extensions@1.8.0
21 silly currentTree ├─┬ bl@1.0.3
21 silly currentTree │ └── readable-stream@2.0.6
21 silly currentTree ├── bluebird@3.5.0
21 silly currentTree ├── bn.js@4.11.6
21 silly currentTree ├─┬ body-parser@1.17.1
21 silly currentTree │ └── iconv-lite@0.4.15
21 silly currentTree ├── boolbase@1.0.0
21 silly currentTree ├── boom@2.10.1
21 silly currentTree ├── brace-expansion@1.1.7
21 silly currentTree ├── braces@1.8.5
21 silly currentTree ├── brorand@1.1.0
21 silly currentTree ├── browser-pack@6.0.2
21 silly currentTree ├─┬ browser-resolve@1.11.2
21 silly currentTree │ └── resolve@1.1.7
21 silly currentTree ├── browserify-aes@1.0.6
21 silly currentTree ├─┬ browserify-cache-api@3.0.1
21 silly currentTree │ └── async@1.5.2
21 silly currentTree ├── browserify-cipher@1.0.0
21 silly currentTree ├── browserify-des@1.0.0
21 silly currentTree ├─┬ browserify-incremental@3.1.1
21 silly currentTree │ ├── jsonparse@0.0.5
21 silly currentTree │ └── JSONStream@0.10.0
21 silly currentTree ├── browserify-rsa@4.0.1
21 silly currentTree ├── browserify-sign@4.0.4
21 silly currentTree ├── browserify-zlib@0.1.4
21 silly currentTree ├── browserify@13.3.0
21 silly currentTree ├── browserslist@1.7.7
21 silly currentTree ├── buffer-shims@1.0.0
21 silly currentTree ├── buffer-xor@1.0.3
21 silly currentTree ├── buffer@4.9.1
21 silly currentTree ├── builtin-modules@1.1.1
21 silly currentTree ├── builtin-status-codes@3.0.0
21 silly currentTree ├── bytes@2.4.0
21 silly currentTree ├── cached-path-relative@1.0.1
21 silly currentTree ├── caller-path@0.1.0
21 silly currentTree ├── callsites@0.2.0
21 silly currentTree ├── camelcase@1.2.1
21 silly currentTree ├─┬ caniuse-api@1.6.1
21 silly currentTree │ └── lodash.memoize@4.1.2
21 silly currentTree ├── caniuse-db@1.0.30000665
21 silly currentTree ├── caseless@0.11.0
21 silly currentTree ├── center-align@0.1.3
21 silly currentTree ├── chalk@1.1.3
21 silly currentTree ├─┬ cheerio-httpcli@0.6.11
21 silly currentTree │ ├── async@2.4.0
21 silly currentTree │ └── colors@1.1.2
21 silly currentTree ├── cheerio@0.22.0
21 silly currentTree ├── chokidar@1.6.1
21 silly currentTree ├── cipher-base@1.0.3
21 silly currentTree ├── clap@1.1.3
21 silly currentTree ├── cliui@2.1.0
21 silly currentTree ├── clone@1.0.2
21 silly currentTree ├── co@4.6.0
21 silly currentTree ├── coa@1.0.1
21 silly currentTree ├── code-point-at@1.1.0
21 silly currentTree ├── color-convert@1.9.0
21 silly currentTree ├── color-name@1.1.2
21 silly currentTree ├── color-string@0.3.0
21 silly currentTree ├── color@0.11.4
21 silly currentTree ├── colormin@1.1.2
21 silly currentTree ├── colors@1.0.3
21 silly currentTree ├── combine-source-map@0.7.2
21 silly currentTree ├── combined-stream@1.0.5
21 silly currentTree ├── commander@2.9.0
21 silly currentTree ├── commondir@1.0.1
21 silly currentTree ├── compressible@2.0.10
21 silly currentTree ├─┬ compression@1.6.2
21 silly currentTree │ ├── bytes@2.3.0
21 silly currentTree │ ├── debug@2.2.0
21 silly currentTree │ └── ms@0.7.1
21 silly currentTree ├── concat-map@0.0.1
21 silly currentTree ├─┬ concat-stream@1.5.2
21 silly currentTree │ └── readable-stream@2.0.6
21 silly currentTree ├── connect-history-api-fallback@1.3.0
21 silly currentTree ├── console-browserify@1.1.0
21 silly currentTree ├── constants-browserify@1.0.0
21 silly currentTree ├── constants@0.0.2
21 silly currentTree ├── content-disposition@0.5.2
21 silly currentTree ├── content-type-parser@1.0.1
21 silly currentTree ├── content-type@1.0.2
21 silly currentTree ├── convert-source-map@1.1.3
21 silly currentTree ├── cookie-signature@1.0.6
21 silly currentTree ├── cookie@0.3.1
21 silly currentTree ├── core-js@1.2.7
21 silly currentTree ├── core-util-is@1.0.2
21 silly currentTree ├── create-ecdh@4.0.0
21 silly currentTree ├── create-hash@1.1.2
21 silly currentTree ├── create-hmac@1.1.4
21 silly currentTree ├── create-react-class@15.5.2
21 silly currentTree ├── cryptiles@2.0.5
21 silly currentTree ├── crypto-browserify@3.11.0
21 silly currentTree ├── css-color-names@0.0.4
21 silly currentTree ├─┬ css-loader@0.28.1
21 silly currentTree │ └── source-list-map@0.1.8
21 silly currentTree ├── css-select@1.2.0
21 silly currentTree ├─┬ css-selector-tokenizer@0.7.0
21 silly currentTree │ └── regexpu-core@1.0.0
21 silly currentTree ├── css-what@2.1.0
21 silly currentTree ├── cssesc@0.1.0
21 silly currentTree ├── cssnano@3.10.0
21 silly currentTree ├── csso@2.3.2
21 silly currentTree ├── cssom@0.3.2
21 silly currentTree ├── cssstyle@0.2.37
21 silly currentTree ├── cycle@1.0.3
21 silly currentTree ├─┬ dashdash@1.14.1
21 silly currentTree │ └── assert-plus@1.0.0
21 silly currentTree ├── date-now@0.1.4
21 silly currentTree ├── debug@2.6.1
21 silly currentTree ├── decamelize@1.2.0
21 silly currentTree ├── deep-is@0.1.3
21 silly currentTree ├── define-properties@1.1.2
21 silly currentTree ├── defined@1.0.0
21 silly currentTree ├── delayed-stream@1.0.0
21 silly currentTree ├── depd@1.1.0
21 silly currentTree ├── deps-sort@2.0.0
21 silly currentTree ├── des.js@1.0.0
21 silly currentTree ├── destroy@1.0.4
21 silly currentTree ├── detect-indent@4.0.0
21 silly currentTree ├── detective@4.5.0
21 silly currentTree ├── diffie-hellman@5.0.2
21 silly currentTree ├─┬ dom-serializer@0.1.0
21 silly currentTree │ └── domelementtype@1.1.3
21 silly currentTree ├── domain-browser@1.1.7
21 silly currentTree ├── domelementtype@1.3.0
21 silly currentTree ├── domhandler@2.4.1
21 silly currentTree ├── domutils@1.5.1
21 silly currentTree ├── duplexer2@0.1.4
21 silly currentTree ├── ecc-jsbn@0.1.1
21 silly currentTree ├── ee-first@1.1.1
21 silly currentTree ├── electron-to-chromium@1.3.9
21 silly currentTree ├── elliptic@6.4.0
21 silly currentTree ├── emojis-list@2.1.0
21 silly currentTree ├── encodeurl@1.0.1
21 silly currentTree ├── encoding@0.1.12
21 silly currentTree ├── enhanced-resolve@3.1.0
21 silly currentTree ├── entities@1.1.1
21 silly currentTree ├── errno@0.1.4
21 silly currentTree ├── error-ex@1.3.1
21 silly currentTree ├── es-abstract@1.7.0
21 silly currentTree ├── es-to-primitive@1.1.1
21 silly currentTree ├── es5-shim@4.5.9
21 silly currentTree ├── es6-shim@0.35.3
21 silly currentTree ├── escape-html@1.0.3
21 silly currentTree ├── escape-string-regexp@1.0.5
21 silly currentTree ├─┬ escodegen@1.8.1
21 silly currentTree │ └── source-map@0.2.0
21 silly currentTree ├── esprima@2.7.3
21 silly currentTree ├── estraverse@1.9.3
21 silly currentTree ├── esutils@2.0.2
21 silly currentTree ├── etag@1.8.0
21 silly currentTree ├── eventemitter3@1.2.0
21 silly currentTree ├── events@1.1.1
21 silly currentTree ├── eventsource@0.1.6
21 silly currentTree ├── evp_bytestokey@1.0.0
21 silly currentTree ├── expand-brackets@0.1.5
21 silly currentTree ├── expand-range@1.8.2
21 silly currentTree ├── express@4.15.2
21 silly currentTree ├── extend@3.0.1
21 silly currentTree ├── extglob@0.3.2
21 silly currentTree ├─┬ extract-zip@1.5.0
21 silly currentTree │ ├── concat-stream@1.5.0
21 silly currentTree │ ├── debug@0.7.4
21 silly currentTree │ ├── minimist@0.0.8
21 silly currentTree │ ├── mkdirp@0.5.0
21 silly currentTree │ └── readable-stream@2.0.6
21 silly currentTree ├── extsprintf@1.0.2
21 silly currentTree ├── eyes@0.1.8
21 silly currentTree ├── fast-levenshtein@2.0.6
21 silly currentTree ├── fastparse@1.1.1
21 silly currentTree ├── faye-websocket@0.10.0
21 silly currentTree ├── fbjs@0.8.12
21 silly currentTree ├── fd-slicer@1.0.1
21 silly currentTree ├── filename-regex@2.0.1
21 silly currentTree ├── fill-range@2.2.3
21 silly currentTree ├─┬ finalhandler@1.0.2
21 silly currentTree │ ├── debug@2.6.4
21 silly currentTree │ └── ms@0.7.3
21 silly currentTree ├── find-cache-dir@0.1.1
21 silly currentTree ├── find-up@1.1.2
21 silly currentTree ├── flatten@1.0.2
21 silly currentTree ├── for-in@1.0.2
21 silly currentTree ├── for-own@0.1.5
21 silly currentTree ├── foreach@2.0.5
21 silly currentTree ├── forever-agent@0.6.1
21 silly currentTree ├── form-data@2.1.4
21 silly currentTree ├── forwarded@0.1.0
21 silly currentTree ├── fresh@0.5.0
21 silly currentTree ├── fs-extra@0.30.0
21 silly currentTree ├── fs-readdir-recursive@1.0.0
21 silly currentTree ├── fs.realpath@1.0.0
21 silly currentTree ├─┬ fsevents@1.1.1
21 silly currentTree │ ├── abbrev@1.1.0
21 silly currentTree │ ├── ansi-regex@2.1.1
21 silly currentTree │ ├── ansi-styles@2.2.1
21 silly currentTree │ ├── aproba@1.1.1
21 silly currentTree │ ├── are-we-there-yet@1.1.2
21 silly currentTree │ ├── asn1@0.2.3
21 silly currentTree │ ├── assert-plus@0.2.0
21 silly currentTree │ ├── asynckit@0.4.0
21 silly currentTree │ ├── aws-sign2@0.6.0
21 silly currentTree │ ├── aws4@1.6.0
21 silly currentTree │ ├── balanced-match@0.4.2
21 silly currentTree │ ├── bcrypt-pbkdf@1.0.1
21 silly currentTree │ ├── block-stream@0.0.9
21 silly currentTree │ ├── boom@2.10.1
21 silly currentTree │ ├── brace-expansion@1.1.6
21 silly currentTree │ ├── buffer-shims@1.0.0
21 silly currentTree │ ├── caseless@0.11.0
21 silly currentTree │ ├── chalk@1.1.3
21 silly currentTree │ ├── code-point-at@1.1.0
21 silly currentTree │ ├── combined-stream@1.0.5
21 silly currentTree │ ├── commander@2.9.0
21 silly currentTree │ ├── concat-map@0.0.1
21 silly currentTree │ ├── console-control-strings@1.1.0
21 silly currentTree │ ├── core-util-is@1.0.2
21 silly currentTree │ ├── cryptiles@2.0.5
21 silly currentTree │ ├─┬ dashdash@1.14.1
21 silly currentTree │ │ └── assert-plus@1.0.0
21 silly currentTree │ ├── debug@2.2.0
21 silly currentTree │ ├── deep-extend@0.4.1
21 silly currentTree │ ├── delayed-stream@1.0.0
21 silly currentTree │ ├── delegates@1.0.0
21 silly currentTree │ ├── ecc-jsbn@0.1.1
21 silly currentTree │ ├── escape-string-regexp@1.0.5
21 silly currentTree │ ├── extend@3.0.0
21 silly currentTree │ ├── extsprintf@1.0.2
21 silly currentTree │ ├── forever-agent@0.6.1
21 silly currentTree │ ├── form-data@2.1.2
21 silly currentTree │ ├── fs.realpath@1.0.0
21 silly currentTree │ ├── fstream-ignore@1.0.5
21 silly currentTree │ ├── fstream@1.0.10
21 silly currentTree │ ├── gauge@2.7.3
21 silly currentTree │ ├── generate-function@2.0.0
21 silly currentTree │ ├── generate-object-property@1.2.0
21 silly currentTree │ ├─┬ getpass@0.1.6
21 silly currentTree │ │ └── assert-plus@1.0.0
21 silly currentTree │ ├── glob@7.1.1
21 silly currentTree │ ├── graceful-fs@4.1.11
21 silly currentTree │ ├── graceful-readlink@1.0.1
21 silly currentTree │ ├── har-validator@2.0.6
21 silly currentTree │ ├── has-ansi@2.0.0
21 silly currentTree │ ├── has-unicode@2.0.1
21 silly currentTree │ ├── hawk@3.1.3
21 silly currentTree │ ├── hoek@2.16.3
21 silly currentTree │ ├── http-signature@1.1.1
21 silly currentTree │ ├── inflight@1.0.6
21 silly currentTree │ ├── inherits@2.0.3
21 silly currentTree │ ├── ini@1.3.4
21 silly currentTree │ ├── is-fullwidth-code-point@1.0.0
21 silly currentTree │ ├── is-my-json-valid@2.15.0
21 silly currentTree │ ├── is-property@1.0.2
21 silly currentTree │ ├── is-typedarray@1.0.0
21 silly currentTree │ ├── isarray@1.0.0
21 silly currentTree │ ├── isstream@0.1.2
21 silly currentTree │ ├── jodid25519@1.0.2
21 silly currentTree │ ├── jsbn@0.1.1
21 silly currentTree │ ├── json-schema@0.2.3
21 silly currentTree │ ├── json-stringify-safe@5.0.1
21 silly currentTree │ ├── jsonpointer@4.0.1
21 silly currentTree │ ├── jsprim@1.3.1
21 silly currentTree │ ├── mime-db@1.26.0
21 silly currentTree │ ├── mime-types@2.1.14
21 silly currentTree │ ├── minimatch@3.0.3
21 silly currentTree │ ├── minimist@0.0.8
21 silly currentTree │ ├── mkdirp@0.5.1
21 silly currentTree │ ├── ms@0.7.1
21 silly currentTree │ ├── node-pre-gyp@0.6.33
21 silly currentTree │ ├── nopt@3.0.6
21 silly currentTree │ ├── npmlog@4.0.2
21 silly currentTree │ ├── number-is-nan@1.0.1
21 silly currentTree │ ├── oauth-sign@0.8.2
21 silly currentTree │ ├── object-assign@4.1.1
21 silly currentTree │ ├── once@1.4.0
21 silly currentTree │ ├── path-is-absolute@1.0.1
21 silly currentTree │ ├── pinkie-promise@2.0.1
21 silly currentTree │ ├── pinkie@2.0.4
21 silly currentTree │ ├── process-nextick-args@1.0.7
21 silly currentTree │ ├── punycode@1.4.1
21 silly currentTree │ ├── qs@6.3.1
21 silly currentTree │ ├─┬ rc@1.1.7
21 silly currentTree │ │ └── minimist@1.2.0
21 silly currentTree │ ├── readable-stream@2.2.2
21 silly currentTree │ ├── request@2.79.0
21 silly currentTree │ ├── rimraf@2.5.4
21 silly currentTree │ ├── semver@5.3.0
21 silly currentTree │ ├── set-blocking@2.0.0
21 silly currentTree │ ├── signal-exit@3.0.2
21 silly currentTree │ ├── sntp@1.0.9
21 silly currentTree │ ├─┬ sshpk@1.10.2
21 silly currentTree │ │ └── assert-plus@1.0.0
21 silly currentTree │ ├── string_decoder@0.10.31
21 silly currentTree │ ├── string-width@1.0.2
21 silly currentTree │ ├── stringstream@0.0.5
21 silly currentTree │ ├── strip-ansi@3.0.1
21 silly currentTree │ ├── strip-json-comments@2.0.1
21 silly currentTree │ ├── supports-color@2.0.0
21 silly currentTree │ ├─┬ tar-pack@3.3.0
21 silly currentTree │ │ ├── once@1.3.3
21 silly currentTree │ │ └── readable-stream@2.1.5
21 silly currentTree │ ├── tar@2.2.1
21 silly currentTree │ ├── tough-cookie@2.3.2
21 silly currentTree │ ├── tunnel-agent@0.4.3
21 silly currentTree │ ├── tweetnacl@0.14.5
21 silly currentTree │ ├── uid-number@0.0.6
21 silly currentTree │ ├── util-deprecate@1.0.2
21 silly currentTree │ ├── uuid@3.0.1
21 silly currentTree │ ├── verror@1.3.6
21 silly currentTree │ ├── wide-align@1.1.0
21 silly currentTree │ ├── wrappy@1.0.2
21 silly currentTree │ └── xtend@4.0.1
21 silly currentTree ├── function-bind@1.1.0
21 silly currentTree ├── generate-function@2.0.0
21 silly currentTree ├── generate-object-property@1.2.0
21 silly currentTree ├── get-caller-file@1.0.2
21 silly currentTree ├─┬ getpass@0.1.7
21 silly currentTree │ └── assert-plus@1.0.0
21 silly currentTree ├── glob-base@0.3.0
21 silly currentTree ├── glob-parent@2.0.0
21 silly currentTree ├── glob@7.1.1
21 silly currentTree ├── globals@9.17.0
21 silly currentTree ├── graceful-fs@4.1.11
21 silly currentTree ├── graceful-readlink@1.0.1
21 silly currentTree ├── handle-thing@1.2.5
21 silly currentTree ├── har-schema@1.0.5
21 silly currentTree ├── har-validator@4.2.1
21 silly currentTree ├── has-ansi@2.0.0
21 silly currentTree ├── has-flag@1.0.0
21 silly currentTree ├── has@1.0.1
21 silly currentTree ├── hash.js@1.0.3
21 silly currentTree ├── hasha@2.2.0
21 silly currentTree ├── hawk@3.1.3
21 silly currentTree ├── he@1.1.1
21 silly currentTree ├── hmac-drbg@1.0.1
21 silly currentTree ├── hoek@2.16.3
21 silly currentTree ├── hoist-non-react-statics@1.2.0
21 silly currentTree ├── home-or-tmp@2.0.0
21 silly currentTree ├── hosted-git-info@2.4.2
21 silly currentTree ├── hpack.js@2.1.6
21 silly currentTree ├── html-comment-regex@1.1.1
21 silly currentTree ├── html-encoding-sniffer@1.0.1
21 silly currentTree ├── html-entities@1.2.1
21 silly currentTree ├── htmlescape@1.1.1
21 silly currentTree ├── htmlparser2@3.9.2
21 silly currentTree ├── http-basic@2.5.1
21 silly currentTree ├── http-deceiver@1.2.7
21 silly currentTree ├── http-errors@1.6.1
21 silly currentTree ├─┬ http-proxy-middleware@0.17.4
21 silly currentTree │ ├── is-extglob@2.1.1
21 silly currentTree │ └── is-glob@3.1.0
21 silly currentTree ├── http-proxy@1.16.2
21 silly currentTree ├── http-response-object@1.1.0
21 silly currentTree ├── http-signature@1.1.1
21 silly currentTree ├── https-browserify@0.0.1
21 silly currentTree ├── hypernova-react-redux@1.2.0
21 silly currentTree ├── hypernova-react@1.0.0
21 silly currentTree ├── hypernova@1.2.0
21 silly currentTree ├── iconv-lite@0.4.17
21 silly currentTree ├── icss-replace-symbols@1.0.2
21 silly currentTree ├── ieee754@1.1.8
21 silly currentTree ├── indexes-of@1.0.1
21 silly currentTree ├── indexof@0.0.1
21 silly currentTree ├── inflight@1.0.6
21 silly currentTree ├── inherits@2.0.3
21 silly currentTree ├── inline-source-map@0.6.2
21 silly currentTree ├── insert-module-globals@7.0.1
21 silly currentTree ├── interpret@1.0.3
21 silly currentTree ├── invariant@2.2.2
21 silly currentTree ├── invert-kv@1.0.0
21 silly currentTree ├── ipaddr.js@1.3.0
21 silly currentTree ├── is-absolute-url@2.1.0
21 silly currentTree ├── is-arrayish@0.2.1
21 silly currentTree ├── is-binary-path@1.0.1
21 silly currentTree ├── is-buffer@1.1.5
21 silly currentTree ├── is-builtin-module@1.0.0
21 silly currentTree ├── is-callable@1.1.3
21 silly currentTree ├── is-date-object@1.0.1
21 silly currentTree ├── is-dotfile@1.0.2
21 silly currentTree ├── is-equal-shallow@0.1.3
21 silly currentTree ├── is-extendable@0.1.1
21 silly currentTree ├── is-extglob@1.0.0
21 silly currentTree ├── is-finite@1.0.2
21 silly currentTree ├── is-fullwidth-code-point@1.0.0
21 silly currentTree ├── is-glob@2.0.1
21 silly currentTree ├── is-my-json-valid@2.16.0
21 silly currentTree ├── is-number@2.1.0
21 silly currentTree ├── is-plain-obj@1.1.0
21 silly currentTree ├── is-posix-bracket@0.1.1
21 silly currentTree ├── is-primitive@2.0.0
21 silly currentTree ├── is-property@1.0.2
21 silly currentTree ├── is-regex@1.0.4
21 silly currentTree ├── is-stream@1.1.0
21 silly currentTree ├── is-svg@2.1.0
21 silly currentTree ├── is-symbol@1.0.1
21 silly currentTree ├── is-typedarray@1.0.0
21 silly currentTree ├── is-utf8@0.2.1
21 silly currentTree ├── isarray@1.0.0
21 silly currentTree ├── isexe@2.0.0
21 silly currentTree ├── isobject@2.1.0
21 silly currentTree ├── isomorphic-fetch@2.2.1
21 silly currentTree ├── isstream@0.1.2
21 silly currentTree ├── jconv@0.1.5
21 silly currentTree ├── jodid25519@1.0.2
21 silly currentTree ├── jquery@3.2.1
21 silly currentTree ├── js-base64@2.1.9
21 silly currentTree ├── js-tokens@3.0.1
21 silly currentTree ├── js-yaml@3.7.0
21 silly currentTree ├── jsbn@0.1.1
21 silly currentTree ├── jschardet@1.4.2
21 silly currentTree ├── jsdom@10.1.0
21 silly currentTree ├── jsesc@1.3.0
21 silly currentTree ├── json-loader@0.5.4
21 silly currentTree ├── json-schema@0.2.3
21 silly currentTree ├── json-stable-stringify@0.0.1
21 silly currentTree ├── json-stringify-safe@5.0.1
21 silly currentTree ├── json3@3.3.2
21 silly currentTree ├── json5@0.5.1
21 silly currentTree ├── jsonfile@2.4.0
21 silly currentTree ├── jsonify@0.0.0
21 silly currentTree ├── jsonparse@1.3.0
21 silly currentTree ├── jsonpointer@4.0.1
21 silly currentTree ├── JSONStream@1.3.1
21 silly currentTree ├─┬ jsprim@1.4.0
21 silly currentTree │ └── assert-plus@1.0.0
21 silly currentTree ├── kew@0.7.0
21 silly currentTree ├── kind-of@3.2.0
21 silly currentTree ├── klaw@1.3.1
21 silly currentTree ├─┬ labeled-stream-splicer@2.0.0
21 silly currentTree │ └── isarray@0.0.1
21 silly currentTree ├── lazy-cache@1.0.4
21 silly currentTree ├── lcid@1.0.0
21 silly currentTree ├── levn@0.3.0
21 silly currentTree ├── lexical-scope@1.2.0
21 silly currentTree ├── load-json-file@1.1.0
21 silly currentTree ├── loader-runner@2.3.0
21 silly currentTree ├── loader-utils@1.1.0
21 silly currentTree ├── lodash-es@4.17.4
21 silly currentTree ├── lodash.assignin@4.2.0
21 silly currentTree ├── lodash.bind@4.2.1
21 silly currentTree ├── lodash.camelcase@4.3.0
21 silly currentTree ├── lodash.defaults@4.2.0
21 silly currentTree ├── lodash.filter@4.6.0
21 silly currentTree ├── lodash.flatten@4.4.0
21 silly currentTree ├── lodash.foreach@4.5.0
21 silly currentTree ├── lodash.map@4.6.0
21 silly currentTree ├── lodash.memoize@3.0.4
21 silly currentTree ├── lodash.merge@4.6.0
21 silly currentTree ├── lodash.pick@4.4.0
21 silly currentTree ├── lodash.reduce@4.6.0
21 silly currentTree ├── lodash.reject@4.6.0
21 silly currentTree ├── lodash.some@4.6.0
21 silly currentTree ├── lodash.uniq@4.5.0
21 silly currentTree ├── lodash@4.17.4
21 silly currentTree ├── longest@1.0.1
21 silly currentTree ├── loose-envify@1.3.1
21 silly currentTree ├── lru-cache@4.0.2
21 silly currentTree ├── macaddress@0.2.8
21 silly currentTree ├── math-expression-evaluator@1.2.17
21 silly currentTree ├── media-typer@0.3.0
21 silly currentTree ├── memory-fs@0.4.1
21 silly currentTree ├── merge-descriptors@1.0.1
21 silly currentTree ├── methods@1.1.2
21 silly currentTree ├── micromatch@2.3.11
21 silly currentTree ├── miller-rabin@4.0.0
21 silly currentTree ├── mime-db@1.27.0
21 silly currentTree ├── mime-types@2.1.15
21 silly currentTree ├── mime@1.3.4
21 silly currentTree ├── minimalistic-assert@1.0.0
21 silly currentTree ├── minimalistic-crypto-utils@1.0.1
21 silly currentTree ├── minimatch@3.0.3
21 silly currentTree ├── minimist@1.2.0
21 silly currentTree ├─┬ mkdirp@0.5.1
21 silly currentTree │ └── minimist@0.0.8
21 silly currentTree ├── module-deps@4.1.1
21 silly currentTree ├── ms@0.7.2
21 silly currentTree ├── nan@2.6.2
21 silly currentTree ├── negotiator@0.6.1
21 silly currentTree ├── node-fetch@1.6.3
21 silly currentTree ├─┬ node-libs-browser@2.0.0
21 silly currentTree │ ├── os-browserify@0.2.1
21 silly currentTree │ └── timers-browserify@2.0.2
21 silly currentTree ├── node-uuid@1.4.8
21 silly currentTree ├── normalize-package-data@2.3.8
21 silly currentTree ├── normalize-path@2.1.1
21 silly currentTree ├── normalize-range@0.1.2
21 silly currentTree ├── normalize-url@1.9.1
21 silly currentTree ├── nth-check@1.0.1
21 silly currentTree ├── num2fraction@1.2.2
21 silly currentTree ├── number-is-nan@1.0.1
21 silly currentTree ├── nwmatcher@1.3.9
21 silly currentTree ├── oauth-sign@0.8.2
21 silly currentTree ├── object-assign@4.1.1
21 silly currentTree ├── object-keys@1.0.11
21 silly currentTree ├── object.entries@1.0.4
21 silly currentTree ├── object.getownpropertydescriptors@2.0.3
21 silly currentTree ├── object.omit@2.0.1
21 silly currentTree ├── object.values@1.0.4
21 silly currentTree ├── obuf@1.1.1
21 silly currentTree ├── on-finished@2.3.0
21 silly currentTree ├── on-headers@1.0.1
21 silly currentTree ├── once@1.4.0
21 silly currentTree ├── opn@4.0.2
21 silly currentTree ├─┬ optionator@0.8.2
21 silly currentTree │ └── wordwrap@1.0.0
21 silly currentTree ├─┬ original@1.0.0
21 silly currentTree │ └── url-parse@1.0.5
21 silly currentTree ├── os-browserify@0.1.2
21 silly currentTree ├── os-homedir@1.0.2
21 silly currentTree ├── os-locale@1.4.0
21 silly currentTree ├── os-shim@0.1.3
21 silly currentTree ├── os-tmpdir@1.0.2
21 silly currentTree ├── output-file-sync@1.1.2
21 silly currentTree ├── pako@0.2.9
21 silly currentTree ├── parents@1.0.1
21 silly currentTree ├── parse-asn1@5.1.0
21 silly currentTree ├── parse-glob@3.0.4
21 silly currentTree ├── parse-json@2.2.0
21 silly currentTree ├── parse5@1.5.1
21 silly currentTree ├── parseurl@1.3.1
21 silly currentTree ├── path-browserify@0.0.0
21 silly currentTree ├── path-exists@2.1.0
21 silly currentTree ├── path-is-absolute@1.0.1
21 silly currentTree ├── path-parse@1.0.5
21 silly currentTree ├── path-platform@0.11.15
21 silly currentTree ├── path-to-regexp@0.1.7
21 silly currentTree ├── path-type@1.1.0
21 silly currentTree ├── pbkdf2@3.0.9
21 silly currentTree ├── pend@1.2.0
21 silly currentTree ├── performance-now@0.2.0
21 silly currentTree ├─┬ phantomjs@2.1.7
21 silly currentTree │ ├── async@2.4.0
21 silly currentTree │ ├── form-data@1.0.1
21 silly currentTree │ ├── fs-extra@0.26.7
21 silly currentTree │ ├── har-validator@2.0.6
21 silly currentTree │ ├── qs@5.2.1
21 silly currentTree │ ├── request@2.67.0
21 silly currentTree │ ├── tough-cookie@2.2.2
21 silly currentTree │ └── tunnel-agent@0.4.3
21 silly currentTree ├── pify@2.3.0
21 silly currentTree ├── pinkie-promise@2.0.1
21 silly currentTree ├── pinkie@2.0.4
21 silly currentTree ├── pkg-dir@1.0.0
21 silly currentTree ├── pn@1.0.0
21 silly currentTree ├─┬ portfinder@1.0.13
21 silly currentTree │ └── async@1.5.2
21 silly currentTree ├── postcss-calc@5.3.1
21 silly currentTree ├── postcss-colormin@2.2.2
21 silly currentTree ├── postcss-convert-values@2.6.1
21 silly currentTree ├── postcss-discard-comments@2.0.4
21 silly currentTree ├── postcss-discard-duplicates@2.1.0
21 silly currentTree ├── postcss-discard-empty@2.1.0
21 silly currentTree ├── postcss-discard-overridden@0.1.1
21 silly currentTree ├── postcss-discard-unused@2.2.3
21 silly currentTree ├── postcss-filter-plugins@2.0.2
21 silly currentTree ├── postcss-merge-idents@2.1.7
21 silly currentTree ├── postcss-merge-longhand@2.0.2
21 silly currentTree ├── postcss-merge-rules@2.1.2
21 silly currentTree ├── postcss-message-helpers@2.0.0
21 silly currentTree ├── postcss-minify-font-values@1.0.5
21 silly currentTree ├── postcss-minify-gradients@1.0.5
21 silly currentTree ├── postcss-minify-params@1.2.2
21 silly currentTree ├── postcss-minify-selectors@2.1.1
21 silly currentTree ├── postcss-modules-extract-imports@1.0.1
21 silly currentTree ├─┬ postcss-modules-local-by-default@1.1.1
21 silly currentTree │ ├── css-selector-tokenizer@0.6.0
21 silly currentTree │ └── regexpu-core@1.0.0
21 silly currentTree ├─┬ postcss-modules-scope@1.0.2
21 silly currentTree │ ├── css-selector-tokenizer@0.6.0
21 silly currentTree │ └── regexpu-core@1.0.0
21 silly currentTree ├── postcss-modules-values@1.2.2
21 silly currentTree ├── postcss-normalize-charset@1.1.1
21 silly currentTree ├── postcss-normalize-url@3.0.8
21 silly currentTree ├── postcss-ordered-values@2.2.3
21 silly currentTree ├── postcss-reduce-idents@2.4.0
21 silly currentTree ├── postcss-reduce-initial@1.0.1
21 silly currentTree ├── postcss-reduce-transforms@1.0.4
21 silly currentTree ├── postcss-selector-parser@2.2.3
21 silly currentTree ├── postcss-svgo@2.1.6
21 silly currentTree ├── postcss-unique-selectors@2.0.2
21 silly currentTree ├── postcss-value-parser@3.3.0
21 silly currentTree ├── postcss-zindex@2.2.0
21 silly currentTree ├─┬ postcss@5.2.17
21 silly currentTree │ └── supports-color@3.2.3
21 silly currentTree ├── prelude-ls@1.1.2
21 silly currentTree ├── prepend-http@1.0.4
21 silly currentTree ├── preserve@0.2.0
21 silly currentTree ├─┬ prettyjson@1.2.1
21 silly currentTree │ └── colors@1.1.2
21 silly currentTree ├── private@0.1.7
21 silly currentTree ├── process-nextick-args@1.0.7
21 silly currentTree ├── process@0.11.10
21 silly currentTree ├── progress@1.1.8
21 silly currentTree ├── promise@7.1.1
21 silly currentTree ├── prop-types@15.5.8
21 silly currentTree ├── proxy-addr@1.1.4
21 silly currentTree ├── prr@0.0.0
21 silly currentTree ├── pseudomap@1.0.2
21 silly currentTree ├── public-encrypt@4.0.0
21 silly currentTree ├── punycode@1.4.1
21 silly currentTree ├── q@1.5.0
21 silly currentTree ├── qs@6.4.0
21 silly currentTree ├── query-string@4.3.4
21 silly currentTree ├── querystring-es3@0.2.1
21 silly currentTree ├── querystring@0.2.0
21 silly currentTree ├── querystringify@0.0.4
21 silly currentTree ├── randomatic@1.1.6
21 silly currentTree ├── randombytes@2.0.3
21 silly currentTree ├── range-parser@1.2.0
21 silly currentTree ├─┬ raw-body@2.2.0
21 silly currentTree │ └── iconv-lite@0.4.15
21 silly currentTree ├── react-dom@15.5.4
21 silly currentTree ├── react-hot-api@0.4.7
21 silly currentTree ├─┬ react-hot-loader@1.3.1
21 silly currentTree │ └── source-map@0.4.4
21 silly currentTree ├── react-redux@4.4.8
21 silly currentTree ├── react@15.5.4
21 silly currentTree ├── read-only-stream@2.0.0
21 silly currentTree ├── read-pkg-up@1.0.1
21 silly currentTree ├── read-pkg@1.1.0
21 silly currentTree ├─┬ readable-stream@2.2.9
21 silly currentTree │ └── string_decoder@1.0.0
21 silly currentTree ├── readdirp@2.1.0
21 silly currentTree ├── reduce-css-calc@1.3.0
21 silly currentTree ├── reduce-function-call@1.0.2
21 silly currentTree ├── reduce-reducers@0.1.2
21 silly currentTree ├── redux-actions@2.0.2
21 silly currentTree ├── redux-thunk@2.2.0
21 silly currentTree ├── redux@3.6.0
21 silly currentTree ├── regenerate@1.3.2
21 silly currentTree ├── regenerator-runtime@0.10.5
21 silly currentTree ├── regenerator-transform@0.9.11
21 silly currentTree ├── regex-cache@0.4.3
21 silly currentTree ├── regexpu-core@2.0.0
21 silly currentTree ├── regjsgen@0.2.0
21 silly currentTree ├─┬ regjsparser@0.1.5
21 silly currentTree │ └── jsesc@0.5.0
21 silly currentTree ├── remove-trailing-separator@1.0.1
21 silly currentTree ├── repeat-element@1.1.2
21 silly currentTree ├── repeat-string@1.6.1
21 silly currentTree ├── repeating@2.0.1
21 silly currentTree ├── request-progress@2.0.1
21 silly currentTree ├── request-promise-core@1.1.1
21 silly currentTree ├── request-promise-native@1.0.4
21 silly currentTree ├─┬ request@2.81.0
21 silly currentTree │ ├── caseless@0.12.0
21 silly currentTree │ └── uuid@3.0.1
21 silly currentTree ├── require-directory@2.1.1
21 silly currentTree ├─┬ require-hacker@3.0.0
21 silly currentTree │ └── colors@1.1.2
21 silly currentTree ├── require-main-filename@1.0.1
21 silly currentTree ├── require-uncached@1.0.3
21 silly currentTree ├── requires-port@1.0.0
21 silly currentTree ├── resolve-from@1.0.1
21 silly currentTree ├── resolve@1.3.3
21 silly currentTree ├── right-align@0.1.3
21 silly currentTree ├── rimraf@2.6.1
21 silly currentTree ├── ripemd160@1.0.1
21 silly currentTree ├── rsvp@3.5.0
21 silly currentTree ├── safe-buffer@5.0.1
21 silly currentTree ├── sax@1.2.2
21 silly currentTree ├── select-hose@2.0.0
21 silly currentTree ├── semver@5.3.0
21 silly currentTree ├── send@0.15.1
21 silly currentTree ├─┬ serve-index@1.8.0
21 silly currentTree │ ├── debug@2.2.0
21 silly currentTree │ ├── http-errors@1.5.1
21 silly currentTree │ ├── ms@0.7.1
21 silly currentTree │ └── setprototypeof@1.0.2
21 silly currentTree ├── serve-static@1.12.1
21 silly currentTree ├── set-blocking@2.0.0
21 silly currentTree ├── set-immediate-shim@1.0.1
21 silly currentTree ├── setimmediate@1.0.5
21 silly currentTree ├── setprototypeof@1.0.3
21 silly currentTree ├── sha.js@2.4.8
21 silly currentTree ├── shasum@1.0.2
21 silly currentTree ├── shell-quote@1.6.1
21 silly currentTree ├── slash@1.0.0
21 silly currentTree ├── sntp@1.0.9
21 silly currentTree ├─┬ sockjs-client@1.1.2
21 silly currentTree │ └── faye-websocket@0.11.1
21 silly currentTree ├── sockjs@0.3.18
21 silly currentTree ├── sort-keys@1.1.2
21 silly currentTree ├── source-list-map@1.1.2
21 silly currentTree ├── source-map-support@0.4.15
21 silly currentTree ├── source-map@0.5.6
21 silly currentTree ├── spawn-sync@1.0.15
21 silly currentTree ├── spdx-correct@1.0.2
21 silly currentTree ├── spdx-expression-parse@1.0.4
21 silly currentTree ├── spdx-license-ids@1.2.2
21 silly currentTree ├── spdy-transport@2.0.18
21 silly currentTree ├── spdy@3.4.4
21 silly currentTree ├── sprintf-js@1.0.3
21 silly currentTree ├─┬ sshpk@1.13.0
21 silly currentTree │ └── assert-plus@1.0.0
21 silly currentTree ├── stack-trace@0.0.9
21 silly currentTree ├── statuses@1.3.1
21 silly currentTree ├── stealthy-require@1.1.1
21 silly currentTree ├── stream-browserify@2.0.1
21 silly currentTree ├── stream-combiner2@1.1.1
21 silly currentTree ├── stream-http@2.7.0
21 silly currentTree ├── stream-splicer@2.0.0
21 silly currentTree ├── strict-uri-encode@1.1.0
21 silly currentTree ├── string_decoder@0.10.31
21 silly currentTree ├── string-width@1.0.2
21 silly currentTree ├── string.prototype.padend@3.0.0
21 silly currentTree ├── string.prototype.padstart@3.0.0
21 silly currentTree ├── stringstream@0.0.5
21 silly currentTree ├── strip-ansi@3.0.1
21 silly currentTree ├── strip-bom@2.0.0
21 silly currentTree ├── style-loader@0.17.0
21 silly currentTree ├── subarg@1.0.0
21 silly currentTree ├── supports-color@2.0.0
21 silly currentTree ├─┬ svgo@0.7.2
21 silly currentTree │ └── colors@1.1.2
21 silly currentTree ├── symbol-observable@1.0.4
21 silly currentTree ├── symbol-tree@3.2.2
21 silly currentTree ├── sync-request@3.0.1
21 silly currentTree ├── syntax-error@1.3.0
21 silly currentTree ├── tapable@0.2.6
21 silly currentTree ├── then-request@2.2.0
21 silly currentTree ├── throttleit@1.0.0
21 silly currentTree ├── through@2.3.8
21 silly currentTree ├── through2@2.0.3
21 silly currentTree ├── timers-browserify@1.4.2
21 silly currentTree ├── to-arraybuffer@1.0.1
21 silly currentTree ├── to-fast-properties@1.0.3
21 silly currentTree ├─┬ tough-cookie@2.3.2
21 silly currentTree │ ├── async@1.5.2
21 silly currentTree │ ├── diff@1.0.8
21 silly currentTree │ ├── eyes@0.1.8
21 silly currentTree │ ├── glob@4.0.6
21 silly currentTree │ ├── graceful-fs@3.0.11
21 silly currentTree │ ├── inherits@2.0.3
21 silly currentTree │ ├── lru-cache@2.7.3
21 silly currentTree │ ├── minimatch@1.0.0
21 silly currentTree │ ├── natives@1.1.0
21 silly currentTree │ ├── once@1.4.0
21 silly currentTree │ ├── punycode@1.4.1
21 silly currentTree │ ├── sigmund@1.0.1
21 silly currentTree │ ├── string.prototype.repeat@0.2.0
21 silly currentTree │ ├── vows@0.8.1
21 silly currentTree │ └── wrappy@1.0.2
21 silly currentTree ├── tr46@0.0.3
21 silly currentTree ├── trim-right@1.0.1
21 silly currentTree ├── tty-browserify@0.0.0
21 silly currentTree ├── tunnel-agent@0.6.0
21 silly currentTree ├── tweetnacl@0.14.5
21 silly currentTree ├── type-check@0.3.2
21 silly currentTree ├── type-is@1.6.15
21 silly currentTree ├── type-of@2.0.1
21 silly currentTree ├── typedarray@0.0.6
21 silly currentTree ├── ua-parser-js@0.7.12
21 silly currentTree ├─┬ uglify-js@2.8.22
21 silly currentTree │ └── yargs@3.10.0
21 silly currentTree ├── uglify-to-browserify@1.0.2
21 silly currentTree ├── umd@3.0.1
21 silly currentTree ├── uniq@1.0.1
21 silly currentTree ├── uniqid@4.1.1
21 silly currentTree ├── uniqs@2.0.0
21 silly currentTree ├── unpipe@1.0.0
21 silly currentTree ├─┬ url-parse@1.1.9
21 silly currentTree │ └── querystringify@1.0.0
21 silly currentTree ├─┬ url@0.11.0
21 silly currentTree │ └── punycode@1.3.2
21 silly currentTree ├── user-home@1.1.1
21 silly currentTree ├── util-deprecate@1.0.2
21 silly currentTree ├─┬ util@0.10.3
21 silly currentTree │ └── inherits@2.0.1
21 silly currentTree ├── utils-merge@1.0.0
21 silly currentTree ├── uuid@2.0.3
21 silly currentTree ├── v8flags@2.1.1
21 silly currentTree ├── valid-url@1.0.9
21 silly currentTree ├── validate-npm-package-license@3.0.1
21 silly currentTree ├── vary@1.1.1
21 silly currentTree ├── vendors@1.0.1
21 silly currentTree ├── verror@1.3.6
21 silly currentTree ├── vm-browserify@0.0.4
21 silly currentTree ├─┬ watchpack@1.3.1
21 silly currentTree │ └── async@2.4.0
21 silly currentTree ├── wbuf@1.7.2
21 silly currentTree ├── webidl-conversions@4.0.1
21 silly currentTree ├── webpack-dev-middleware@1.10.2
21 silly currentTree ├─┬ webpack-dev-server@2.4.5
21 silly currentTree │ └── supports-color@3.2.3
21 silly currentTree ├─┬ webpack-isomorphic-tools@3.0.2
21 silly currentTree │ └── colors@1.1.2
21 silly currentTree ├── webpack-manifest-plugin@1.1.0
21 silly currentTree ├── webpack-sources@0.2.3
21 silly currentTree ├─┬ webpack@2.5.0
21 silly currentTree │ ├── acorn@5.0.3
21 silly currentTree │ ├── async@2.4.0
21 silly currentTree │ ├── loader-utils@0.2.17
21 silly currentTree │ └── supports-color@3.2.3
21 silly currentTree ├── websocket-driver@0.6.5
21 silly currentTree ├── websocket-extensions@0.1.1
21 silly currentTree ├─┬ whatwg-encoding@1.0.1
21 silly currentTree │ └── iconv-lite@0.4.13
21 silly currentTree ├── whatwg-fetch@2.0.3
21 silly currentTree ├─┬ whatwg-url@4.8.0
21 silly currentTree │ └── webidl-conversions@3.0.1
21 silly currentTree ├── whet.extend@0.9.9
21 silly currentTree ├── which-module@1.0.0
21 silly currentTree ├── which@1.2.14
21 silly currentTree ├── window-size@0.1.0
21 silly currentTree ├── winston@2.3.1
21 silly currentTree ├── wordwrap@0.0.2
21 silly currentTree ├── wrap-ansi@2.1.0
21 silly currentTree ├── wrappy@1.0.2
21 silly currentTree ├── xml-name-validator@2.0.1
21 silly currentTree ├── xtend@4.0.1
21 silly currentTree ├── y18n@3.2.1
21 silly currentTree ├── yallist@2.1.2
21 silly currentTree ├─┬ yargs-parser@4.2.1
21 silly currentTree │ └── camelcase@3.0.0
21 silly currentTree ├─┬ yargs@6.6.0
21 silly currentTree │ ├── camelcase@3.0.0
21 silly currentTree │ └── cliui@3.2.0
21 silly currentTree └── yauzl@2.4.1
22 silly idealTree salonapp@1.0.0
22 silly idealTree ├── @types/cheerio@0.17.31
22 silly idealTree ├── @types/node@6.0.73
22 silly idealTree ├── abab@1.0.3
22 silly idealTree ├── accepts@1.3.3
22 silly idealTree ├── acorn-dynamic-import@2.0.2
22 silly idealTree ├── acorn-globals@3.1.0
22 silly idealTree ├── acorn@4.0.11
22 silly idealTree ├── airbnb-js-shims@1.1.1
22 silly idealTree ├── ajv-keywords@1.5.1
22 silly idealTree ├─┬ ajv@4.11.8
22 silly idealTree │ └── json-stable-stringify@1.0.1
22 silly idealTree ├── align-text@0.1.4
22 silly idealTree ├── alphanum-sort@1.0.2
22 silly idealTree ├── amdefine@1.0.1
22 silly idealTree ├── ansi-html@0.0.7
22 silly idealTree ├── ansi-regex@2.1.1
22 silly idealTree ├── ansi-styles@2.2.1
22 silly idealTree ├── anymatch@1.3.0
22 silly idealTree ├── argparse@1.0.9
22 silly idealTree ├── arr-diff@2.0.0
22 silly idealTree ├── arr-flatten@1.0.3
22 silly idealTree ├── array-equal@1.0.0
22 silly idealTree ├── array-filter@0.0.1
22 silly idealTree ├── array-flatten@1.1.1
22 silly idealTree ├── array-includes@3.0.3
22 silly idealTree ├── array-map@0.0.0
22 silly idealTree ├── array-reduce@0.0.0
22 silly idealTree ├── array-unique@0.2.1
22 silly idealTree ├── arrify@1.0.1
22 silly idealTree ├── asap@2.0.5
22 silly idealTree ├── asn1.js@4.9.1
22 silly idealTree ├── asn1@0.2.3
22 silly idealTree ├── assert-plus@0.2.0
22 silly idealTree ├── assert@1.4.1
22 silly idealTree ├── astw@2.2.0
22 silly idealTree ├── async-each@1.0.1
22 silly idealTree ├── async@1.0.0
22 silly idealTree ├── asynckit@0.4.0
22 silly idealTree ├── autoprefixer@6.7.7
22 silly idealTree ├── aws-sign2@0.6.0
22 silly idealTree ├── aws4@1.6.0
22 silly idealTree ├── babel-cli@6.24.1
22 silly idealTree ├── babel-code-frame@6.22.0
22 silly idealTree ├── babel-core@6.24.1
22 silly idealTree ├── babel-generator@6.24.1
22 silly idealTree ├── babel-helper-bindify-decorators@6.24.1
22 silly idealTree ├── babel-helper-builder-binary-assignment-operator-visitor@6.24.1
22 silly idealTree ├── babel-helper-builder-react-jsx@6.24.1
22 silly idealTree ├── babel-helper-call-delegate@6.24.1
22 silly idealTree ├── babel-helper-define-map@6.24.1
22 silly idealTree ├── babel-helper-explode-assignable-expression@6.24.1
22 silly idealTree ├── babel-helper-explode-class@6.24.1
22 silly idealTree ├── babel-helper-function-name@6.24.1
22 silly idealTree ├── babel-helper-get-function-arity@6.24.1
22 silly idealTree ├── babel-helper-hoist-variables@6.24.1
22 silly idealTree ├── babel-helper-optimise-call-expression@6.24.1
22 silly idealTree ├── babel-helper-regex@6.24.1
22 silly idealTree ├── babel-helper-remap-async-to-generator@6.24.1
22 silly idealTree ├── babel-helper-replace-supers@6.24.1
22 silly idealTree ├── babel-helpers@6.24.1
22 silly idealTree ├── babel-loader@7.0.0
22 silly idealTree ├── babel-messages@6.23.0
22 silly idealTree ├── babel-plugin-check-es2015-constants@6.22.0
22 silly idealTree ├── babel-plugin-syntax-async-functions@6.13.0
22 silly idealTree ├── babel-plugin-syntax-async-generators@6.13.0
22 silly idealTree ├── babel-plugin-syntax-class-properties@6.13.0
22 silly idealTree ├── babel-plugin-syntax-decorators@6.13.0
22 silly idealTree ├── babel-plugin-syntax-dynamic-import@6.18.0
22 silly idealTree ├── babel-plugin-syntax-exponentiation-operator@6.13.0
22 silly idealTree ├── babel-plugin-syntax-flow@6.18.0
22 silly idealTree ├── babel-plugin-syntax-jsx@6.18.0
22 silly idealTree ├── babel-plugin-syntax-object-rest-spread@6.13.0
22 silly idealTree ├── babel-plugin-syntax-trailing-function-commas@6.22.0
22 silly idealTree ├── babel-plugin-transform-async-generator-functions@6.24.1
22 silly idealTree ├── babel-plugin-transform-async-to-generator@6.24.1
22 silly idealTree ├── babel-plugin-transform-class-properties@6.24.1
22 silly idealTree ├── babel-plugin-transform-decorators@6.24.1
22 silly idealTree ├── babel-plugin-transform-es2015-arrow-functions@6.22.0
22 silly idealTree ├── babel-plugin-transform-es2015-block-scoped-functions@6.22.0
22 silly idealTree ├── babel-plugin-transform-es2015-block-scoping@6.24.1
22 silly idealTree ├── babel-plugin-transform-es2015-classes@6.24.1
22 silly idealTree ├── babel-plugin-transform-es2015-computed-properties@6.24.1
22 silly idealTree ├── babel-plugin-transform-es2015-destructuring@6.23.0
22 silly idealTree ├── babel-plugin-transform-es2015-duplicate-keys@6.24.1
22 silly idealTree ├── babel-plugin-transform-es2015-for-of@6.23.0
22 silly idealTree ├── babel-plugin-transform-es2015-function-name@6.24.1
22 silly idealTree ├── babel-plugin-transform-es2015-literals@6.22.0
22 silly idealTree ├── babel-plugin-transform-es2015-modules-amd@6.24.1
22 silly idealTree ├── babel-plugin-transform-es2015-modules-commonjs@6.24.1
22 silly idealTree ├── babel-plugin-transform-es2015-modules-systemjs@6.24.1
22 silly idealTree ├── babel-plugin-transform-es2015-modules-umd@6.24.1
22 silly idealTree ├── babel-plugin-transform-es2015-object-super@6.24.1
22 silly idealTree ├── babel-plugin-transform-es2015-parameters@6.24.1
22 silly idealTree ├── babel-plugin-transform-es2015-shorthand-properties@6.24.1
22 silly idealTree ├── babel-plugin-transform-es2015-spread@6.22.0
22 silly idealTree ├── babel-plugin-transform-es2015-sticky-regex@6.24.1
22 silly idealTree ├── babel-plugin-transform-es2015-template-literals@6.22.0
22 silly idealTree ├── babel-plugin-transform-es2015-typeof-symbol@6.23.0
22 silly idealTree ├── babel-plugin-transform-es2015-unicode-regex@6.24.1
22 silly idealTree ├── babel-plugin-transform-exponentiation-operator@6.24.1
22 silly idealTree ├── babel-plugin-transform-flow-strip-types@6.22.0
22 silly idealTree ├── babel-plugin-transform-object-rest-spread@6.23.0
22 silly idealTree ├── babel-plugin-transform-react-display-name@6.23.0
22 silly idealTree ├── babel-plugin-transform-react-jsx-self@6.22.0
22 silly idealTree ├── babel-plugin-transform-react-jsx-source@6.22.0
22 silly idealTree ├── babel-plugin-transform-react-jsx@6.24.1
22 silly idealTree ├── babel-plugin-transform-regenerator@6.24.1
22 silly idealTree ├── babel-plugin-transform-strict-mode@6.24.1
22 silly idealTree ├─┬ babel-polyfill@6.23.0
22 silly idealTree │ └── core-js@2.4.1
22 silly idealTree ├── babel-preset-es2015@6.24.1
22 silly idealTree ├── babel-preset-flow@6.23.0
22 silly idealTree ├── babel-preset-react@6.24.1
22 silly idealTree ├── babel-preset-stage-2@6.24.1
22 silly idealTree ├── babel-preset-stage-3@6.24.1
22 silly idealTree ├─┬ babel-register@6.24.1
22 silly idealTree │ └── core-js@2.4.1
22 silly idealTree ├─┬ babel-runtime@6.23.0
22 silly idealTree │ └── core-js@2.4.1
22 silly idealTree ├── babel-template@6.24.1
22 silly idealTree ├── babel-traverse@6.24.1
22 silly idealTree ├── babel-types@6.24.1
22 silly idealTree ├── babel@6.23.0
22 silly idealTree ├── babelify@7.3.0
22 silly idealTree ├── babylon@6.17.0
22 silly idealTree ├── balanced-match@0.4.2
22 silly idealTree ├── base64-js@1.2.0
22 silly idealTree ├── batch@0.5.3
22 silly idealTree ├── bcrypt-pbkdf@1.0.1
22 silly idealTree ├── big.js@3.1.3
22 silly idealTree ├── binary-extensions@1.8.0
22 silly idealTree ├── bluebird@3.5.0
22 silly idealTree ├── bn.js@4.11.6
22 silly idealTree ├─┬ body-parser@1.17.1
22 silly idealTree │ └── iconv-lite@0.4.15
22 silly idealTree ├── boolbase@1.0.0
22 silly idealTree ├── boom@2.10.1
22 silly idealTree ├── brace-expansion@1.1.7
22 silly idealTree ├── braces@1.8.5
22 silly idealTree ├── brorand@1.1.0
22 silly idealTree ├── browser-pack@6.0.2
22 silly idealTree ├─┬ browser-resolve@1.11.2
22 silly idealTree │ └── resolve@1.1.7
22 silly idealTree ├── browserify-aes@1.0.6
22 silly idealTree ├─┬ browserify-cache-api@3.0.1
22 silly idealTree │ └── async@1.5.2
22 silly idealTree ├── browserify-cipher@1.0.0
22 silly idealTree ├── browserify-des@1.0.0
22 silly idealTree ├─┬ browserify-incremental@3.1.1
22 silly idealTree │ ├── jsonparse@0.0.5
22 silly idealTree │ └── JSONStream@0.10.0
22 silly idealTree ├── browserify-rsa@4.0.1
22 silly idealTree ├── browserify-sign@4.0.4
22 silly idealTree ├── browserify-zlib@0.1.4
22 silly idealTree ├── browserify@13.3.0
22 silly idealTree ├── browserslist@1.7.7
22 silly idealTree ├── buffer-shims@1.0.0
22 silly idealTree ├── buffer-xor@1.0.3
22 silly idealTree ├── buffer@4.9.1
22 silly idealTree ├── builtin-modules@1.1.1
22 silly idealTree ├── builtin-status-codes@3.0.0
22 silly idealTree ├── bytes@2.4.0
22 silly idealTree ├── cached-path-relative@1.0.1
22 silly idealTree ├── caller-path@0.1.0
22 silly idealTree ├── callsites@0.2.0
22 silly idealTree ├── camelcase@1.2.1
22 silly idealTree ├─┬ caniuse-api@1.6.1
22 silly idealTree │ └── lodash.memoize@4.1.2
22 silly idealTree ├── caniuse-db@1.0.30000665
22 silly idealTree ├── caseless@0.11.0
22 silly idealTree ├── center-align@0.1.3
22 silly idealTree ├── chalk@1.1.3
22 silly idealTree ├─┬ cheerio-httpcli@0.6.11
22 silly idealTree │ ├── async@2.4.0
22 silly idealTree │ └── colors@1.1.2
22 silly idealTree ├── cheerio@0.22.0
22 silly idealTree ├── chokidar@1.6.1
22 silly idealTree ├── cipher-base@1.0.3
22 silly idealTree ├── clap@1.1.3
22 silly idealTree ├── cliui@2.1.0
22 silly idealTree ├── clone@1.0.2
22 silly idealTree ├── co@4.6.0
22 silly idealTree ├── coa@1.0.1
22 silly idealTree ├── code-point-at@1.1.0
22 silly idealTree ├── color-convert@1.9.0
22 silly idealTree ├── color-name@1.1.2
22 silly idealTree ├── color-string@0.3.0
22 silly idealTree ├── color@0.11.4
22 silly idealTree ├── colormin@1.1.2
22 silly idealTree ├── colors@1.0.3
22 silly idealTree ├── combine-source-map@0.7.2
22 silly idealTree ├── combined-stream@1.0.5
22 silly idealTree ├── commander@2.9.0
22 silly idealTree ├── commondir@1.0.1
22 silly idealTree ├── compressible@2.0.10
22 silly idealTree ├─┬ compression@1.6.2
22 silly idealTree │ ├── bytes@2.3.0
22 silly idealTree │ ├── debug@2.2.0
22 silly idealTree │ └── ms@0.7.1
22 silly idealTree ├── concat-map@0.0.1
22 silly idealTree ├─┬ concat-stream@1.5.2
22 silly idealTree │ └── readable-stream@2.0.6
22 silly idealTree ├── connect-history-api-fallback@1.3.0
22 silly idealTree ├── console-browserify@1.1.0
22 silly idealTree ├── constants-browserify@1.0.0
22 silly idealTree ├── constants@0.0.2
22 silly idealTree ├── content-disposition@0.5.2
22 silly idealTree ├── content-type-parser@1.0.1
22 silly idealTree ├── content-type@1.0.2
22 silly idealTree ├── convert-source-map@1.1.3
22 silly idealTree ├── cookie-signature@1.0.6
22 silly idealTree ├── cookie@0.3.1
22 silly idealTree ├── core-js@1.2.7
22 silly idealTree ├── core-util-is@1.0.2
22 silly idealTree ├── create-ecdh@4.0.0
22 silly idealTree ├── create-hash@1.1.2
22 silly idealTree ├── create-hmac@1.1.4
22 silly idealTree ├── create-react-class@15.5.2
22 silly idealTree ├── cryptiles@2.0.5
22 silly idealTree ├── crypto-browserify@3.11.0
22 silly idealTree ├── css-color-names@0.0.4
22 silly idealTree ├─┬ css-loader@0.28.1
22 silly idealTree │ └── source-list-map@0.1.8
22 silly idealTree ├── css-select@1.2.0
22 silly idealTree ├─┬ css-selector-tokenizer@0.7.0
22 silly idealTree │ └── regexpu-core@1.0.0
22 silly idealTree ├── css-what@2.1.0
22 silly idealTree ├── cssesc@0.1.0
22 silly idealTree ├── cssnano@3.10.0
22 silly idealTree ├── csso@2.3.2
22 silly idealTree ├── cssom@0.3.2
22 silly idealTree ├── cssstyle@0.2.37
22 silly idealTree ├── cycle@1.0.3
22 silly idealTree ├─┬ dashdash@1.14.1
22 silly idealTree │ └── assert-plus@1.0.0
22 silly idealTree ├── date-now@0.1.4
22 silly idealTree ├── debug@2.6.1
22 silly idealTree ├── decamelize@1.2.0
22 silly idealTree ├── deep-is@0.1.3
22 silly idealTree ├── define-properties@1.1.2
22 silly idealTree ├── defined@1.0.0
22 silly idealTree ├── delayed-stream@1.0.0
22 silly idealTree ├── depd@1.1.0
22 silly idealTree ├── deps-sort@2.0.0
22 silly idealTree ├── des.js@1.0.0
22 silly idealTree ├── destroy@1.0.4
22 silly idealTree ├── detect-indent@4.0.0
22 silly idealTree ├── detective@4.5.0
22 silly idealTree ├── diffie-hellman@5.0.2
22 silly idealTree ├─┬ dom-serializer@0.1.0
22 silly idealTree │ └── domelementtype@1.1.3
22 silly idealTree ├── domain-browser@1.1.7
22 silly idealTree ├── domelementtype@1.3.0
22 silly idealTree ├── domhandler@2.4.1
22 silly idealTree ├── domutils@1.5.1
22 silly idealTree ├── duplexer2@0.1.4
22 silly idealTree ├── ecc-jsbn@0.1.1
22 silly idealTree ├── ee-first@1.1.1
22 silly idealTree ├── electron-to-chromium@1.3.9
22 silly idealTree ├── elliptic@6.4.0
22 silly idealTree ├── emojis-list@2.1.0
22 silly idealTree ├── encodeurl@1.0.1
22 silly idealTree ├── encoding@0.1.12
22 silly idealTree ├── enhanced-resolve@3.1.0
22 silly idealTree ├── entities@1.1.1
22 silly idealTree ├── errno@0.1.4
22 silly idealTree ├── error-ex@1.3.1
22 silly idealTree ├── es-abstract@1.7.0
22 silly idealTree ├── es-to-primitive@1.1.1
22 silly idealTree ├── es5-shim@4.5.9
22 silly idealTree ├── es6-shim@0.35.3
22 silly idealTree ├── escape-html@1.0.3
22 silly idealTree ├── escape-string-regexp@1.0.5
22 silly idealTree ├─┬ escodegen@1.8.1
22 silly idealTree │ └── source-map@0.2.0
22 silly idealTree ├── esprima@2.7.3
22 silly idealTree ├── estraverse@1.9.3
22 silly idealTree ├── esutils@2.0.2
22 silly idealTree ├── etag@1.8.0
22 silly idealTree ├── eventemitter3@1.2.0
22 silly idealTree ├── events@1.1.1
22 silly idealTree ├── eventsource@0.1.6
22 silly idealTree ├── evp_bytestokey@1.0.0
22 silly idealTree ├── expand-brackets@0.1.5
22 silly idealTree ├── expand-range@1.8.2
22 silly idealTree ├── express@4.15.2
22 silly idealTree ├── extend@3.0.1
22 silly idealTree ├── extglob@0.3.2
22 silly idealTree ├── extsprintf@1.0.2
22 silly idealTree ├── eyes@0.1.8
22 silly idealTree ├── fast-levenshtein@2.0.6
22 silly idealTree ├── fastparse@1.1.1
22 silly idealTree ├── faye-websocket@0.10.0
22 silly idealTree ├── fbjs@0.8.12
22 silly idealTree ├── filename-regex@2.0.1
22 silly idealTree ├── fill-range@2.2.3
22 silly idealTree ├─┬ finalhandler@1.0.2
22 silly idealTree │ ├── debug@2.6.4
22 silly idealTree │ └── ms@0.7.3
22 silly idealTree ├── find-cache-dir@0.1.1
22 silly idealTree ├── find-up@1.1.2
22 silly idealTree ├── flatten@1.0.2
22 silly idealTree ├── for-in@1.0.2
22 silly idealTree ├── for-own@0.1.5
22 silly idealTree ├── foreach@2.0.5
22 silly idealTree ├── forever-agent@0.6.1
22 silly idealTree ├── form-data@2.1.4
22 silly idealTree ├── forwarded@0.1.0
22 silly idealTree ├── fresh@0.5.0
22 silly idealTree ├── fs-extra@0.30.0
22 silly idealTree ├── fs-readdir-recursive@1.0.0
22 silly idealTree ├── fs.realpath@1.0.0
22 silly idealTree ├─┬ fsevents@1.1.1
22 silly idealTree │ ├── abbrev@1.1.0
22 silly idealTree │ ├── ansi-regex@2.1.1
22 silly idealTree │ ├── ansi-styles@2.2.1
22 silly idealTree │ ├── aproba@1.1.1
22 silly idealTree │ ├── are-we-there-yet@1.1.2
22 silly idealTree │ ├── asn1@0.2.3
22 silly idealTree │ ├── assert-plus@0.2.0
22 silly idealTree │ ├── asynckit@0.4.0
22 silly idealTree │ ├── aws-sign2@0.6.0
22 silly idealTree │ ├── aws4@1.6.0
22 silly idealTree │ ├── balanced-match@0.4.2
22 silly idealTree │ ├── bcrypt-pbkdf@1.0.1
22 silly idealTree │ ├── block-stream@0.0.9
22 silly idealTree │ ├── boom@2.10.1
22 silly idealTree │ ├── brace-expansion@1.1.6
22 silly idealTree │ ├── buffer-shims@1.0.0
22 silly idealTree │ ├── caseless@0.11.0
22 silly idealTree │ ├── chalk@1.1.3
22 silly idealTree │ ├── code-point-at@1.1.0
22 silly idealTree │ ├── combined-stream@1.0.5
22 silly idealTree │ ├── commander@2.9.0
22 silly idealTree │ ├── concat-map@0.0.1
22 silly idealTree │ ├── console-control-strings@1.1.0
22 silly idealTree │ ├── core-util-is@1.0.2
22 silly idealTree │ ├── cryptiles@2.0.5
22 silly idealTree │ ├─┬ dashdash@1.14.1
22 silly idealTree │ │ └── assert-plus@1.0.0
22 silly idealTree │ ├── debug@2.2.0
22 silly idealTree │ ├── deep-extend@0.4.1
22 silly idealTree │ ├── delayed-stream@1.0.0
22 silly idealTree │ ├── delegates@1.0.0
22 silly idealTree │ ├── ecc-jsbn@0.1.1
22 silly idealTree │ ├── escape-string-regexp@1.0.5
22 silly idealTree │ ├── extend@3.0.0
22 silly idealTree │ ├── extsprintf@1.0.2
22 silly idealTree │ ├── forever-agent@0.6.1
22 silly idealTree │ ├── form-data@2.1.2
22 silly idealTree │ ├── fs.realpath@1.0.0
22 silly idealTree │ ├── fstream-ignore@1.0.5
22 silly idealTree │ ├── fstream@1.0.10
22 silly idealTree │ ├── gauge@2.7.3
22 silly idealTree │ ├── generate-function@2.0.0
22 silly idealTree │ ├── generate-object-property@1.2.0
22 silly idealTree │ ├─┬ getpass@0.1.6
22 silly idealTree │ │ └── assert-plus@1.0.0
22 silly idealTree │ ├── glob@7.1.1
22 silly idealTree │ ├── graceful-fs@4.1.11
22 silly idealTree │ ├── graceful-readlink@1.0.1
22 silly idealTree │ ├── har-validator@2.0.6
22 silly idealTree │ ├── has-ansi@2.0.0
22 silly idealTree │ ├── has-unicode@2.0.1
22 silly idealTree │ ├── hawk@3.1.3
22 silly idealTree │ ├── hoek@2.16.3
22 silly idealTree │ ├── http-signature@1.1.1
22 silly idealTree │ ├── inflight@1.0.6
22 silly idealTree │ ├── inherits@2.0.3
22 silly idealTree │ ├── ini@1.3.4
22 silly idealTree │ ├── is-fullwidth-code-point@1.0.0
22 silly idealTree │ ├── is-my-json-valid@2.15.0
22 silly idealTree │ ├── is-property@1.0.2
22 silly idealTree │ ├── is-typedarray@1.0.0
22 silly idealTree │ ├── isarray@1.0.0
22 silly idealTree │ ├── isstream@0.1.2
22 silly idealTree │ ├── jodid25519@1.0.2
22 silly idealTree │ ├── jsbn@0.1.1
22 silly idealTree │ ├── json-schema@0.2.3
22 silly idealTree │ ├── json-stringify-safe@5.0.1
22 silly idealTree │ ├── jsonpointer@4.0.1
22 silly idealTree │ ├── jsprim@1.3.1
22 silly idealTree │ ├── mime-db@1.26.0
22 silly idealTree │ ├── mime-types@2.1.14
22 silly idealTree │ ├── minimatch@3.0.3
22 silly idealTree │ ├── minimist@0.0.8
22 silly idealTree │ ├── mkdirp@0.5.1
22 silly idealTree │ ├── ms@0.7.1
22 silly idealTree │ ├── node-pre-gyp@0.6.33
22 silly idealTree │ ├── nopt@3.0.6
22 silly idealTree │ ├── npmlog@4.0.2
22 silly idealTree │ ├── number-is-nan@1.0.1
22 silly idealTree │ ├── oauth-sign@0.8.2
22 silly idealTree │ ├── object-assign@4.1.1
22 silly idealTree │ ├── once@1.4.0
22 silly idealTree │ ├── path-is-absolute@1.0.1
22 silly idealTree │ ├── pinkie-promise@2.0.1
22 silly idealTree │ ├── pinkie@2.0.4
22 silly idealTree │ ├── process-nextick-args@1.0.7
22 silly idealTree │ ├── punycode@1.4.1
22 silly idealTree │ ├── qs@6.3.1
22 silly idealTree │ ├─┬ rc@1.1.7
22 silly idealTree │ │ └── minimist@1.2.0
22 silly idealTree │ ├── readable-stream@2.2.2
22 silly idealTree │ ├── request@2.79.0
22 silly idealTree │ ├── rimraf@2.5.4
22 silly idealTree │ ├── semver@5.3.0
22 silly idealTree │ ├── set-blocking@2.0.0
22 silly idealTree │ ├── signal-exit@3.0.2
22 silly idealTree │ ├── sntp@1.0.9
22 silly idealTree │ ├─┬ sshpk@1.10.2
22 silly idealTree │ │ └── assert-plus@1.0.0
22 silly idealTree │ ├── string_decoder@0.10.31
22 silly idealTree │ ├── string-width@1.0.2
22 silly idealTree │ ├── stringstream@0.0.5
22 silly idealTree │ ├── strip-ansi@3.0.1
22 silly idealTree │ ├── strip-json-comments@2.0.1
22 silly idealTree │ ├── supports-color@2.0.0
22 silly idealTree │ ├─┬ tar-pack@3.3.0
22 silly idealTree │ │ ├── once@1.3.3
22 silly idealTree │ │ └── readable-stream@2.1.5
22 silly idealTree │ ├── tar@2.2.1
22 silly idealTree │ ├── tough-cookie@2.3.2
22 silly idealTree │ ├── tunnel-agent@0.4.3
22 silly idealTree │ ├── tweetnacl@0.14.5
22 silly idealTree │ ├── uid-number@0.0.6
22 silly idealTree │ ├── util-deprecate@1.0.2
22 silly idealTree │ ├── uuid@3.0.1
22 silly idealTree │ ├── verror@1.3.6
22 silly idealTree │ ├── wide-align@1.1.0
22 silly idealTree │ ├── wrappy@1.0.2
22 silly idealTree │ └── xtend@4.0.1
22 silly idealTree ├── function-bind@1.1.0
22 silly idealTree ├── get-caller-file@1.0.2
22 silly idealTree ├─┬ getpass@0.1.7
22 silly idealTree │ └── assert-plus@1.0.0
22 silly idealTree ├── glob-base@0.3.0
22 silly idealTree ├── glob-parent@2.0.0
22 silly idealTree ├── glob@7.1.1
22 silly idealTree ├── globals@9.17.0
22 silly idealTree ├── graceful-fs@4.1.11
22 silly idealTree ├── graceful-readlink@1.0.1
22 silly idealTree ├── handle-thing@1.2.5
22 silly idealTree ├── har-schema@1.0.5
22 silly idealTree ├── har-validator@4.2.1
22 silly idealTree ├── has-ansi@2.0.0
22 silly idealTree ├── has-flag@1.0.0
22 silly idealTree ├── has@1.0.1
22 silly idealTree ├── hash.js@1.0.3
22 silly idealTree ├── hawk@3.1.3
22 silly idealTree ├── he@1.1.1
22 silly idealTree ├── hmac-drbg@1.0.1
22 silly idealTree ├── hoek@2.16.3
22 silly idealTree ├── hoist-non-react-statics@1.2.0
22 silly idealTree ├── home-or-tmp@2.0.0
22 silly idealTree ├── hosted-git-info@2.4.2
22 silly idealTree ├── hpack.js@2.1.6
22 silly idealTree ├── html-comment-regex@1.1.1
22 silly idealTree ├── html-encoding-sniffer@1.0.1
22 silly idealTree ├── html-entities@1.2.1
22 silly idealTree ├── htmlescape@1.1.1
22 silly idealTree ├── htmlparser2@3.9.2
22 silly idealTree ├── http-basic@2.5.1
22 silly idealTree ├── http-deceiver@1.2.7
22 silly idealTree ├── http-errors@1.6.1
22 silly idealTree ├─┬ http-proxy-middleware@0.17.4
22 silly idealTree │ ├── is-extglob@2.1.1
22 silly idealTree │ └── is-glob@3.1.0
22 silly idealTree ├── http-proxy@1.16.2
22 silly idealTree ├── http-response-object@1.1.0
22 silly idealTree ├── http-signature@1.1.1
22 silly idealTree ├── https-browserify@0.0.1
22 silly idealTree ├── hypernova-react-redux@1.2.0
22 silly idealTree ├── hypernova-react@1.0.0
22 silly idealTree ├── hypernova@1.2.0
22 silly idealTree ├── iconv-lite@0.4.17
22 silly idealTree ├── icss-replace-symbols@1.0.2
22 silly idealTree ├── ieee754@1.1.8
22 silly idealTree ├── indexes-of@1.0.1
22 silly idealTree ├── indexof@0.0.1
22 silly idealTree ├── inflight@1.0.6
22 silly idealTree ├── inherits@2.0.3
22 silly idealTree ├── inline-source-map@0.6.2
22 silly idealTree ├── insert-module-globals@7.0.1
22 silly idealTree ├── interpret@1.0.3
22 silly idealTree ├── invariant@2.2.2
22 silly idealTree ├── invert-kv@1.0.0
22 silly idealTree ├── ipaddr.js@1.3.0
22 silly idealTree ├── is-absolute-url@2.1.0
22 silly idealTree ├── is-arrayish@0.2.1
22 silly idealTree ├── is-binary-path@1.0.1
22 silly idealTree ├── is-buffer@1.1.5
22 silly idealTree ├── is-builtin-module@1.0.0
22 silly idealTree ├── is-callable@1.1.3
22 silly idealTree ├── is-date-object@1.0.1
22 silly idealTree ├── is-dotfile@1.0.2
22 silly idealTree ├── is-equal-shallow@0.1.3
22 silly idealTree ├── is-extendable@0.1.1
22 silly idealTree ├── is-extglob@1.0.0
22 silly idealTree ├── is-finite@1.0.2
22 silly idealTree ├── is-fullwidth-code-point@1.0.0
22 silly idealTree ├── is-glob@2.0.1
22 silly idealTree ├── is-number@2.1.0
22 silly idealTree ├── is-plain-obj@1.1.0
22 silly idealTree ├── is-posix-bracket@0.1.1
22 silly idealTree ├── is-primitive@2.0.0
22 silly idealTree ├── is-regex@1.0.4
22 silly idealTree ├── is-stream@1.1.0
22 silly idealTree ├── is-svg@2.1.0
22 silly idealTree ├── is-symbol@1.0.1
22 silly idealTree ├── is-typedarray@1.0.0
22 silly idealTree ├── is-utf8@0.2.1
22 silly idealTree ├── isarray@1.0.0
22 silly idealTree ├── isobject@2.1.0
22 silly idealTree ├── isomorphic-fetch@2.2.1
22 silly idealTree ├── isstream@0.1.2
22 silly idealTree ├── jconv@0.1.5
22 silly idealTree ├── jodid25519@1.0.2
22 silly idealTree ├── jquery@3.2.1
22 silly idealTree ├── js-base64@2.1.9
22 silly idealTree ├── js-tokens@3.0.1
22 silly idealTree ├── js-yaml@3.7.0
22 silly idealTree ├── jsbn@0.1.1
22 silly idealTree ├── jschardet@1.4.2
22 silly idealTree ├── jsdom@10.1.0
22 silly idealTree ├── jsesc@1.3.0
22 silly idealTree ├── json-loader@0.5.4
22 silly idealTree ├── json-schema@0.2.3
22 silly idealTree ├── json-stable-stringify@0.0.1
22 silly idealTree ├── json-stringify-safe@5.0.1
22 silly idealTree ├── json3@3.3.2
22 silly idealTree ├── json5@0.5.1
22 silly idealTree ├── jsonfile@2.4.0
22 silly idealTree ├── jsonify@0.0.0
22 silly idealTree ├── jsonparse@1.3.0
22 silly idealTree ├── JSONStream@1.3.1
22 silly idealTree ├─┬ jsprim@1.4.0
22 silly idealTree │ └── assert-plus@1.0.0
22 silly idealTree ├── kind-of@3.2.0
22 silly idealTree ├── klaw@1.3.1
22 silly idealTree ├─┬ labeled-stream-splicer@2.0.0
22 silly idealTree │ └── isarray@0.0.1
22 silly idealTree ├── lazy-cache@1.0.4
22 silly idealTree ├── lcid@1.0.0
22 silly idealTree ├── levn@0.3.0
22 silly idealTree ├── lexical-scope@1.2.0
22 silly idealTree ├── load-json-file@1.1.0
22 silly idealTree ├── loader-runner@2.3.0
22 silly idealTree ├── loader-utils@1.1.0
22 silly idealTree ├── lodash-es@4.17.4
22 silly idealTree ├── lodash.assignin@4.2.0
22 silly idealTree ├── lodash.bind@4.2.1
22 silly idealTree ├── lodash.camelcase@4.3.0
22 silly idealTree ├── lodash.defaults@4.2.0
22 silly idealTree ├── lodash.filter@4.6.0
22 silly idealTree ├── lodash.flatten@4.4.0
22 silly idealTree ├── lodash.foreach@4.5.0
22 silly idealTree ├── lodash.map@4.6.0
22 silly idealTree ├── lodash.memoize@3.0.4
22 silly idealTree ├── lodash.merge@4.6.0
22 silly idealTree ├── lodash.pick@4.4.0
22 silly idealTree ├── lodash.reduce@4.6.0
22 silly idealTree ├── lodash.reject@4.6.0
22 silly idealTree ├── lodash.some@4.6.0
22 silly idealTree ├── lodash.uniq@4.5.0
22 silly idealTree ├── lodash@4.17.4
22 silly idealTree ├── longest@1.0.1
22 silly idealTree ├── loose-envify@1.3.1
22 silly idealTree ├── lru-cache@4.0.2
22 silly idealTree ├── macaddress@0.2.8
22 silly idealTree ├── math-expression-evaluator@1.2.17
22 silly idealTree ├── media-typer@0.3.0
22 silly idealTree ├── memory-fs@0.4.1
22 silly idealTree ├── merge-descriptors@1.0.1
22 silly idealTree ├── methods@1.1.2
22 silly idealTree ├── micromatch@2.3.11
22 silly idealTree ├── miller-rabin@4.0.0
22 silly idealTree ├── mime-db@1.27.0
22 silly idealTree ├── mime-types@2.1.15
22 silly idealTree ├── mime@1.3.4
22 silly idealTree ├── minimalistic-assert@1.0.0
22 silly idealTree ├── minimalistic-crypto-utils@1.0.1
22 silly idealTree ├── minimatch@3.0.3
22 silly idealTree ├── minimist@1.2.0
22 silly idealTree ├─┬ mkdirp@0.5.1
22 silly idealTree │ └── minimist@0.0.8
22 silly idealTree ├── module-deps@4.1.1
22 silly idealTree ├── ms@0.7.2
22 silly idealTree ├── nan@2.6.2
22 silly idealTree ├── negotiator@0.6.1
22 silly idealTree ├── node-fetch@1.6.3
22 silly idealTree ├─┬ node-libs-browser@2.0.0
22 silly idealTree │ ├── os-browserify@0.2.1
22 silly idealTree │ └── timers-browserify@2.0.2
22 silly idealTree ├── normalize-package-data@2.3.8
22 silly idealTree ├── normalize-path@2.1.1
22 silly idealTree ├── normalize-range@0.1.2
22 silly idealTree ├── normalize-url@1.9.1
22 silly idealTree ├── nth-check@1.0.1
22 silly idealTree ├── num2fraction@1.2.2
22 silly idealTree ├── number-is-nan@1.0.1
22 silly idealTree ├── nwmatcher@1.3.9
22 silly idealTree ├── oauth-sign@0.8.2
22 silly idealTree ├── object-assign@4.1.1
22 silly idealTree ├── object-keys@1.0.11
22 silly idealTree ├── object.entries@1.0.4
22 silly idealTree ├── object.getownpropertydescriptors@2.0.3
22 silly idealTree ├── object.omit@2.0.1
22 silly idealTree ├── object.values@1.0.4
22 silly idealTree ├── obuf@1.1.1
22 silly idealTree ├── on-finished@2.3.0
22 silly idealTree ├── on-headers@1.0.1
22 silly idealTree ├── once@1.4.0
22 silly idealTree ├── opn@4.0.2
22 silly idealTree ├─┬ optionator@0.8.2
22 silly idealTree │ └── wordwrap@1.0.0
22 silly idealTree ├─┬ original@1.0.0
22 silly idealTree │ └── url-parse@1.0.5
22 silly idealTree ├── os-browserify@0.1.2
22 silly idealTree ├── os-homedir@1.0.2
22 silly idealTree ├── os-locale@1.4.0
22 silly idealTree ├── os-shim@0.1.3
22 silly idealTree ├── os-tmpdir@1.0.2
22 silly idealTree ├── output-file-sync@1.1.2
22 silly idealTree ├── pako@0.2.9
22 silly idealTree ├── parents@1.0.1
22 silly idealTree ├── parse-asn1@5.1.0
22 silly idealTree ├── parse-glob@3.0.4
22 silly idealTree ├── parse-json@2.2.0
22 silly idealTree ├── parse5@1.5.1
22 silly idealTree ├── parseurl@1.3.1
22 silly idealTree ├── path-browserify@0.0.0
22 silly idealTree ├── path-exists@2.1.0
22 silly idealTree ├── path-is-absolute@1.0.1
22 silly idealTree ├── path-parse@1.0.5
22 silly idealTree ├── path-platform@0.11.15
22 silly idealTree ├── path-to-regexp@0.1.7
22 silly idealTree ├── path-type@1.1.0
22 silly idealTree ├── pbkdf2@3.0.9
22 silly idealTree ├── performance-now@0.2.0
22 silly idealTree ├── pify@2.3.0
22 silly idealTree ├── pinkie-promise@2.0.1
22 silly idealTree ├── pinkie@2.0.4
22 silly idealTree ├── pkg-dir@1.0.0
22 silly idealTree ├── pn@1.0.0
22 silly idealTree ├─┬ portfinder@1.0.13
22 silly idealTree │ └── async@1.5.2
22 silly idealTree ├── postcss-calc@5.3.1
22 silly idealTree ├── postcss-colormin@2.2.2
22 silly idealTree ├── postcss-convert-values@2.6.1
22 silly idealTree ├── postcss-discard-comments@2.0.4
22 silly idealTree ├── postcss-discard-duplicates@2.1.0
22 silly idealTree ├── postcss-discard-empty@2.1.0
22 silly idealTree ├── postcss-discard-overridden@0.1.1
22 silly idealTree ├── postcss-discard-unused@2.2.3
22 silly idealTree ├── postcss-filter-plugins@2.0.2
22 silly idealTree ├── postcss-merge-idents@2.1.7
22 silly idealTree ├── postcss-merge-longhand@2.0.2
22 silly idealTree ├── postcss-merge-rules@2.1.2
22 silly idealTree ├── postcss-message-helpers@2.0.0
22 silly idealTree ├── postcss-minify-font-values@1.0.5
22 silly idealTree ├── postcss-minify-gradients@1.0.5
22 silly idealTree ├── postcss-minify-params@1.2.2
22 silly idealTree ├── postcss-minify-selectors@2.1.1
22 silly idealTree ├── postcss-modules-extract-imports@1.0.1
22 silly idealTree ├─┬ postcss-modules-local-by-default@1.1.1
22 silly idealTree │ ├── css-selector-tokenizer@0.6.0
22 silly idealTree │ └── regexpu-core@1.0.0
22 silly idealTree ├─┬ postcss-modules-scope@1.0.2
22 silly idealTree │ ├── css-selector-tokenizer@0.6.0
22 silly idealTree │ └── regexpu-core@1.0.0
22 silly idealTree ├── postcss-modules-values@1.2.2
22 silly idealTree ├── postcss-normalize-charset@1.1.1
22 silly idealTree ├── postcss-normalize-url@3.0.8
22 silly idealTree ├── postcss-ordered-values@2.2.3
22 silly idealTree ├── postcss-reduce-idents@2.4.0
22 silly idealTree ├── postcss-reduce-initial@1.0.1
22 silly idealTree ├── postcss-reduce-transforms@1.0.4
22 silly idealTree ├── postcss-selector-parser@2.2.3
22 silly idealTree ├── postcss-svgo@2.1.6
22 silly idealTree ├── postcss-unique-selectors@2.0.2
22 silly idealTree ├── postcss-value-parser@3.3.0
22 silly idealTree ├── postcss-zindex@2.2.0
22 silly idealTree ├─┬ postcss@5.2.17
22 silly idealTree │ └── supports-color@3.2.3
22 silly idealTree ├── prelude-ls@1.1.2
22 silly idealTree ├── prepend-http@1.0.4
22 silly idealTree ├── preserve@0.2.0
22 silly idealTree ├─┬ prettyjson@1.2.1
22 silly idealTree │ └── colors@1.1.2
22 silly idealTree ├── private@0.1.7
22 silly idealTree ├── process-nextick-args@1.0.7
22 silly idealTree ├── process@0.11.10
22 silly idealTree ├── promise@7.1.1
22 silly idealTree ├── prop-types@15.5.8
22 silly idealTree ├── proxy-addr@1.1.4
22 silly idealTree ├── prr@0.0.0
22 silly idealTree ├── pseudomap@1.0.2
22 silly idealTree ├── public-encrypt@4.0.0
22 silly idealTree ├── punycode@1.4.1
22 silly idealTree ├── q@1.5.0
22 silly idealTree ├── qs@6.4.0
22 silly idealTree ├── query-string@4.3.4
22 silly idealTree ├── querystring-es3@0.2.1
22 silly idealTree ├── querystring@0.2.0
22 silly idealTree ├── querystringify@0.0.4
22 silly idealTree ├── randomatic@1.1.6
22 silly idealTree ├── randombytes@2.0.3
22 silly idealTree ├── range-parser@1.2.0
22 silly idealTree ├─┬ raw-body@2.2.0
22 silly idealTree │ └── iconv-lite@0.4.15
22 silly idealTree ├── react-dom@15.5.4
22 silly idealTree ├── react-hot-api@0.4.7
22 silly idealTree ├─┬ react-hot-loader@1.3.1
22 silly idealTree │ └── source-map@0.4.4
22 silly idealTree ├── react-redux@4.4.8
22 silly idealTree ├── react@15.5.4
22 silly idealTree ├── read-only-stream@2.0.0
22 silly idealTree ├── read-pkg-up@1.0.1
22 silly idealTree ├── read-pkg@1.1.0
22 silly idealTree ├─┬ readable-stream@2.2.9
22 silly idealTree │ └── string_decoder@1.0.0
22 silly idealTree ├── readdirp@2.1.0
22 silly idealTree ├── reduce-css-calc@1.3.0
22 silly idealTree ├── reduce-function-call@1.0.2
22 silly idealTree ├── reduce-reducers@0.1.2
22 silly idealTree ├── redux-actions@2.0.2
22 silly idealTree ├── redux-thunk@2.2.0
22 silly idealTree ├── redux@3.6.0
22 silly idealTree ├── regenerate@1.3.2
22 silly idealTree ├── regenerator-runtime@0.10.5
22 silly idealTree ├── regenerator-transform@0.9.11
22 silly idealTree ├── regex-cache@0.4.3
22 silly idealTree ├── regexpu-core@2.0.0
22 silly idealTree ├── regjsgen@0.2.0
22 silly idealTree ├─┬ regjsparser@0.1.5
22 silly idealTree │ └── jsesc@0.5.0
22 silly idealTree ├── remove-trailing-separator@1.0.1
22 silly idealTree ├── repeat-element@1.1.2
22 silly idealTree ├── repeat-string@1.6.1
22 silly idealTree ├── repeating@2.0.1
22 silly idealTree ├── request-promise-core@1.1.1
22 silly idealTree ├── request-promise-native@1.0.4
22 silly idealTree ├─┬ request@2.81.0
22 silly idealTree │ ├── caseless@0.12.0
22 silly idealTree │ └── uuid@3.0.1
22 silly idealTree ├── require-directory@2.1.1
22 silly idealTree ├─┬ require-hacker@3.0.0
22 silly idealTree │ └── colors@1.1.2
22 silly idealTree ├── require-main-filename@1.0.1
22 silly idealTree ├── require-uncached@1.0.3
22 silly idealTree ├── requires-port@1.0.0
22 silly idealTree ├── resolve-from@1.0.1
22 silly idealTree ├── resolve@1.3.3
22 silly idealTree ├── right-align@0.1.3
22 silly idealTree ├── rimraf@2.6.1
22 silly idealTree ├── ripemd160@1.0.1
22 silly idealTree ├── rsvp@3.5.0
22 silly idealTree ├── safe-buffer@5.0.1
22 silly idealTree ├── sax@1.2.2
22 silly idealTree ├── select-hose@2.0.0
22 silly idealTree ├── semver@5.3.0
22 silly idealTree ├── send@0.15.1
22 silly idealTree ├─┬ serve-index@1.8.0
22 silly idealTree │ ├── debug@2.2.0
22 silly idealTree │ ├── http-errors@1.5.1
22 silly idealTree │ ├── ms@0.7.1
22 silly idealTree │ └── setprototypeof@1.0.2
22 silly idealTree ├── serve-static@1.12.1
22 silly idealTree ├── set-blocking@2.0.0
22 silly idealTree ├── set-immediate-shim@1.0.1
22 silly idealTree ├── setimmediate@1.0.5
22 silly idealTree ├── setprototypeof@1.0.3
22 silly idealTree ├── sha.js@2.4.8
22 silly idealTree ├── shasum@1.0.2
22 silly idealTree ├── shell-quote@1.6.1
22 silly idealTree ├── slash@1.0.0
22 silly idealTree ├── sntp@1.0.9
22 silly idealTree ├─┬ sockjs-client@1.1.2
22 silly idealTree │ └── faye-websocket@0.11.1
22 silly idealTree ├── sockjs@0.3.18
22 silly idealTree ├── sort-keys@1.1.2
22 silly idealTree ├── source-list-map@1.1.2
22 silly idealTree ├── source-map-support@0.4.15
22 silly idealTree ├── source-map@0.5.6
22 silly idealTree ├── spawn-sync@1.0.15
22 silly idealTree ├── spdx-correct@1.0.2
22 silly idealTree ├── spdx-expression-parse@1.0.4
22 silly idealTree ├── spdx-license-ids@1.2.2
22 silly idealTree ├── spdy-transport@2.0.18
22 silly idealTree ├── spdy@3.4.4
22 silly idealTree ├── sprintf-js@1.0.3
22 silly idealTree ├─┬ sshpk@1.13.0
22 silly idealTree │ └── assert-plus@1.0.0
22 silly idealTree ├── stack-trace@0.0.9
22 silly idealTree ├── statuses@1.3.1
22 silly idealTree ├── stealthy-require@1.1.1
22 silly idealTree ├── stream-browserify@2.0.1
22 silly idealTree ├── stream-combiner2@1.1.1
22 silly idealTree ├── stream-http@2.7.0
22 silly idealTree ├── stream-splicer@2.0.0
22 silly idealTree ├── strict-uri-encode@1.1.0
22 silly idealTree ├── string_decoder@0.10.31
22 silly idealTree ├── string-width@1.0.2
22 silly idealTree ├── string.prototype.padend@3.0.0
22 silly idealTree ├── string.prototype.padstart@3.0.0
22 silly idealTree ├── stringstream@0.0.5
22 silly idealTree ├── strip-ansi@3.0.1
22 silly idealTree ├── strip-bom@2.0.0
22 silly idealTree ├── style-loader@0.17.0
22 silly idealTree ├── subarg@1.0.0
22 silly idealTree ├── supports-color@2.0.0
22 silly idealTree ├─┬ svgo@0.7.2
22 silly idealTree │ └── colors@1.1.2
22 silly idealTree ├── symbol-observable@1.0.4
22 silly idealTree ├── symbol-tree@3.2.2
22 silly idealTree ├── sync-request@3.0.1
22 silly idealTree ├── syntax-error@1.3.0
22 silly idealTree ├── tapable@0.2.6
22 silly idealTree ├── then-request@2.2.0
22 silly idealTree ├── through@2.3.8
22 silly idealTree ├── through2@2.0.3
22 silly idealTree ├── timers-browserify@1.4.2
22 silly idealTree ├── to-arraybuffer@1.0.1
22 silly idealTree ├── to-fast-properties@1.0.3
22 silly idealTree ├─┬ tough-cookie@2.3.2
22 silly idealTree │ ├── async@1.5.2
22 silly idealTree │ ├── diff@1.0.8
22 silly idealTree │ ├── eyes@0.1.8
22 silly idealTree │ ├── glob@4.0.6
22 silly idealTree │ ├── graceful-fs@3.0.11
22 silly idealTree │ ├── inherits@2.0.3
22 silly idealTree │ ├── lru-cache@2.7.3
22 silly idealTree │ ├── minimatch@1.0.0
22 silly idealTree │ ├── natives@1.1.0
22 silly idealTree │ ├── once@1.4.0
22 silly idealTree │ ├── punycode@1.4.1
22 silly idealTree │ ├── sigmund@1.0.1
22 silly idealTree │ ├── string.prototype.repeat@0.2.0
22 silly idealTree │ ├── vows@0.8.1
22 silly idealTree │ └── wrappy@1.0.2
22 silly idealTree ├── tr46@0.0.3
22 silly idealTree ├── trim-right@1.0.1
22 silly idealTree ├── tty-browserify@0.0.0
22 silly idealTree ├── tunnel-agent@0.6.0
22 silly idealTree ├── tweetnacl@0.14.5
22 silly idealTree ├── type-check@0.3.2
22 silly idealTree ├── type-is@1.6.15
22 silly idealTree ├── type-of@2.0.1
22 silly idealTree ├── typedarray@0.0.6
22 silly idealTree ├── ua-parser-js@0.7.12
22 silly idealTree ├─┬ uglify-js@2.8.22
22 silly idealTree │ └── yargs@3.10.0
22 silly idealTree ├── uglify-to-browserify@1.0.2
22 silly idealTree ├── umd@3.0.1
22 silly idealTree ├── uniq@1.0.1
22 silly idealTree ├── uniqid@4.1.1
22 silly idealTree ├── uniqs@2.0.0
22 silly idealTree ├── unpipe@1.0.0
22 silly idealTree ├─┬ url-parse@1.1.9
22 silly idealTree │ └── querystringify@1.0.0
22 silly idealTree ├─┬ url@0.11.0
22 silly idealTree │ └── punycode@1.3.2
22 silly idealTree ├── user-home@1.1.1
22 silly idealTree ├── util-deprecate@1.0.2
22 silly idealTree ├─┬ util@0.10.3
22 silly idealTree │ └── inherits@2.0.1
22 silly idealTree ├── utils-merge@1.0.0
22 silly idealTree ├── uuid@2.0.3
22 silly idealTree ├── v8flags@2.1.1
22 silly idealTree ├── valid-url@1.0.9
22 silly idealTree ├── validate-npm-package-license@3.0.1
22 silly idealTree ├── vary@1.1.1
22 silly idealTree ├── vendors@1.0.1
22 silly idealTree ├── verror@1.3.6
22 silly idealTree ├── vm-browserify@0.0.4
22 silly idealTree ├─┬ watchpack@1.3.1
22 silly idealTree │ └── async@2.4.0
22 silly idealTree ├── wbuf@1.7.2
22 silly idealTree ├── webidl-conversions@4.0.1
22 silly idealTree ├── webpack-dev-middleware@1.10.2
22 silly idealTree ├─┬ webpack-dev-server@2.4.5
22 silly idealTree │ └── supports-color@3.2.3
22 silly idealTree ├─┬ webpack-isomorphic-tools@3.0.2
22 silly idealTree │ └── colors@1.1.2
22 silly idealTree ├── webpack-manifest-plugin@1.1.0
22 silly idealTree ├── webpack-sources@0.2.3
22 silly idealTree ├─┬ webpack@2.5.0
22 silly idealTree │ ├── acorn@5.0.3
22 silly idealTree │ ├── async@2.4.0
22 silly idealTree │ ├── loader-utils@0.2.17
22 silly idealTree │ └── supports-color@3.2.3
22 silly idealTree ├── websocket-driver@0.6.5
22 silly idealTree ├── websocket-extensions@0.1.1
22 silly idealTree ├─┬ whatwg-encoding@1.0.1
22 silly idealTree │ └── iconv-lite@0.4.13
22 silly idealTree ├── whatwg-fetch@2.0.3
22 silly idealTree ├─┬ whatwg-url@4.8.0
22 silly idealTree │ └── webidl-conversions@3.0.1
22 silly idealTree ├── whet.extend@0.9.9
22 silly idealTree ├── which-module@1.0.0
22 silly idealTree ├── window-size@0.1.0
22 silly idealTree ├── winston@2.3.1
22 silly idealTree ├── wordwrap@0.0.2
22 silly idealTree ├── wrap-ansi@2.1.0
22 silly idealTree ├── wrappy@1.0.2
22 silly idealTree ├── xml-name-validator@2.0.1
22 silly idealTree ├── xtend@4.0.1
22 silly idealTree ├── y18n@3.2.1
22 silly idealTree ├── yallist@2.1.2
22 silly idealTree ├─┬ yargs-parser@4.2.1
22 silly idealTree │ └── camelcase@3.0.0
22 silly idealTree └─┬ yargs@6.6.0
22 silly idealTree   ├── camelcase@3.0.0
22 silly idealTree   └── cliui@3.2.0
23 silly generateActionsToTake Starting
24 silly install generateActionsToTake
25 warn checkPermissions Missing write access to /Applications/MAMP/htdocs/rails/salonapp/node_modules/bl/node_modules
26 warn checkPermissions Missing write access to /Applications/MAMP/htdocs/rails/salonapp/node_modules/extract-zip/node_modules
27 warn checkPermissions Missing write access to /Applications/MAMP/htdocs/rails/salonapp/node_modules/phantomjs/node_modules
28 silly rollbackFailedOptional Starting
29 silly rollbackFailedOptional Finishing
30 silly runTopLevelLifecycles Starting
31 silly runTopLevelLifecycles Finishing
32 silly install printInstalled
33 verbose stack Error: EACCES: permission denied, access '/Applications/MAMP/htdocs/rails/salonapp/node_modules/bl/node_modules'
33 verbose stack     at Error (native)
34 verbose cwd /Applications/MAMP/htdocs/rails/salonapp
35 error Darwin 15.5.0
36 error argv "/Users/yosuke.tsutsumi/.nvm/versions/node/v6.3.0/bin/node" "/Users/yosuke.tsutsumi/.nvm/versions/node/v6.3.0/bin/npm" "uninstall" "phantomjs"
37 error node v6.3.0
38 error npm  v3.10.3
39 error path /Applications/MAMP/htdocs/rails/salonapp/node_modules/bl/node_modules
40 error code EACCES
41 error errno -13
42 error syscall access
43 error Error: EACCES: permission denied, access '/Applications/MAMP/htdocs/rails/salonapp/node_modules/bl/node_modules'
43 error     at Error (native)
43 error  { Error: EACCES: permission denied, access '/Applications/MAMP/htdocs/rails/salonapp/node_modules/bl/node_modules'
43 error     at Error (native)
43 error   errno: -13,
43 error   code: 'EACCES',
43 error   syscall: 'access',
43 error   path: '/Applications/MAMP/htdocs/rails/salonapp/node_modules/bl/node_modules' }
44 error Please try running this command again as root/Administrator.
45 verbose exit [ -13, true ]
